This is pdfTeX, Version 3.1415926-2.5-1.40.14 (MiKTeX 2.9 64-bit) (preloaded format=pdflatex 2014.4.21)  15 OCT 2014 09:49
entering extended mode
**20141014_QC_Paper.tex

("C:\Users\rockc_000\Documents\Professional Files\Mines\Research\Wind QC\Docume
nts\Paper\20141014_QC_Paper.tex"
LaTeX2e <2011/06/27>
Babel <v3.8m> and hyphenation patterns for english, afrikaans, ancientgreek, ar
abic, armenian, assamese, basque, bengali, bokmal, bulgarian, catalan, coptic, 
croatian, czech, danish, dutch, esperanto, estonian, farsi, finnish, french, ga
lician, german, german-x-2013-05-26, greek, gujarati, hindi, hungarian, iceland
ic, indonesian, interlingua, irish, italian, kannada, kurmanji, latin, latvian,
 lithuanian, malayalam, marathi, mongolian, mongolianlmc, monogreek, ngerman, n
german-x-2013-05-26, nynorsk, oriya, panjabi, pinyin, polish, portuguese, roman
ian, russian, sanskrit, serbian, slovak, slovenian, spanish, swedish, swissgerm
an, tamil, telugu, turkish, turkmen, ukenglish, ukrainian, uppersorbian, usengl
ishmax, welsh, loaded.
("C:\Program Files\MiKTeX 2.9\tex\latex\base\article.cls"
Document Class: article 2007/10/19 v1.4h Standard LaTeX document class
("C:\Program Files\MiKTeX 2.9\tex\latex\base\size12.clo"
File: size12.clo 2007/10/19 v1.4h Standard LaTeX file (size option)
)
\c@part=\count79
\c@section=\count80
\c@subsection=\count81
\c@subsubsection=\count82
\c@paragraph=\count83
\c@subparagraph=\count84
\c@figure=\count85
\c@table=\count86
\abovecaptionskip=\skip41
\belowcaptionskip=\skip42
\bibindent=\dimen102
)
("C:\Program Files\MiKTeX 2.9\tex\latex\graphics\epsfig.sty"
Package: epsfig 1999/02/16 v1.7a (e)psfig emulation (SPQR)

("C:\Program Files\MiKTeX 2.9\tex\latex\graphics\graphicx.sty"
Package: graphicx 1999/02/16 v1.0f Enhanced LaTeX Graphics (DPC,SPQR)

("C:\Program Files\MiKTeX 2.9\tex\latex\graphics\keyval.sty"
Package: keyval 1999/03/16 v1.13 key=value parser (DPC)
\KV@toks@=\toks14
)
("C:\Program Files\MiKTeX 2.9\tex\latex\graphics\graphics.sty"
Package: graphics 2009/02/05 v1.0o Standard LaTeX Graphics (DPC,SPQR)

("C:\Program Files\MiKTeX 2.9\tex\latex\graphics\trig.sty"
Package: trig 1999/03/16 v1.09 sin cos tan (DPC)
)
("C:\Program Files\MiKTeX 2.9\tex\latex\00miktex\graphics.cfg"
File: graphics.cfg 2007/01/18 v1.5 graphics configuration of teTeX/TeXLive
)
Package graphics Info: Driver file: pdftex.def on input line 91.

("C:\Program Files\MiKTeX 2.9\tex\latex\pdftex-def\pdftex.def"
File: pdftex.def 2011/05/27 v0.06d Graphics/color for pdfTeX

("C:\Program Files\MiKTeX 2.9\tex\generic\oberdiek\infwarerr.sty"
Package: infwarerr 2010/04/08 v1.3 Providing info/warning/error messages (HO)
)
("C:\Program Files\MiKTeX 2.9\tex\generic\oberdiek\ltxcmds.sty"
Package: ltxcmds 2011/11/09 v1.22 LaTeX kernel commands for general use (HO)
)
\Gread@gobject=\count87
))
\Gin@req@height=\dimen103
\Gin@req@width=\dimen104
)
\epsfxsize=\dimen105
\epsfysize=\dimen106
)
("C:\Program Files\MiKTeX 2.9\tex\latex\epsf\epsf.sty"
This is `epsf.tex' v2.7.4 <14 February 2011>
\epsffilein=\read1
\epsfframemargin=\dimen107
\epsfframethickness=\dimen108
\epsfrsize=\dimen109
\epsftmp=\dimen110
\epsftsize=\dimen111
\epsfxsize=\dimen112
\epsfysize=\dimen113
\pspoints=\dimen114
) ("C:\Program Files\MiKTeX 2.9\tex\latex\subfigure\subfigure.sty"
Package: subfigure 2002/07/30 v2.1.4 subfigure package
\subfigtopskip=\skip43
\subfigcapskip=\skip44
\subfigcaptopadj=\dimen115
\subfigbottomskip=\skip45
\subfigcapmargin=\dimen116
\subfiglabelskip=\skip46
\c@subfigure=\count88
\c@lofdepth=\count89
\c@subtable=\count90
\c@lotdepth=\count91

****************************************
* Local config file subfigure.cfg used *
****************************************
("C:\Program Files\MiKTeX 2.9\tex\latex\subfigure\subfigure.cfg")
\subfig@top=\skip47
\subfig@bottom=\skip48
)
("C:\Program Files\MiKTeX 2.9\tex\latex\pstricks\pstricks.sty"
Package: pstricks 2013/12/12 v0.60 LaTeX wrapper for `PSTricks' (RN,HV)

("C:\Program Files\MiKTeX 2.9\tex\generic\oberdiek\ifpdf.sty"
Package: ifpdf 2011/01/30 v2.3 Provides the ifpdf switch (HO)
Package ifpdf Info: pdfTeX in PDF mode is detected.
)
("C:\Program Files\MiKTeX 2.9\tex\generic\pstricks\base\pstricks.tex"
("C:\Program Files\MiKTeX 2.9\tex\generic\xkeyval\pst-xkey.tex"
File: pst-xkey.tex 2005/11/25 v1.6 PSTricks specialization of xkeyval (HA)

("C:\Program Files\MiKTeX 2.9\tex\latex\xkeyval\xkeyval.sty"
Package: xkeyval 2012/10/14 v2.6b package option processing (HA)

("C:\Program Files\MiKTeX 2.9\tex\generic\xkeyval\xkeyval.tex"
\XKV@toks=\toks15
\XKV@tempa@toks=\toks16
\XKV@depth=\count92
File: xkeyval.tex 2012/10/14 v2.6b key=value parser (HA)
)))
("C:\Program Files\MiKTeX 2.9\tex\generic\pstricks\base\pst-fp.tex"
`pst-fp' v0.05, 2010/01/17 (hv)
\pstFP@xs=\count93
\pstFP@xia=\count94
\pstFP@xib=\count95
\pstFP@xfa=\count96
\pstFP@xfb=\count97
\pstFP@rega=\count98
\pstFP@regb=\count99
\pstFP@regs=\count100
\pstFP@times=\count101
)
("C:\Program Files\MiKTeX 2.9\tex\generic\pgf\utilities\pgfutil-common.tex"
\pgfutil@everybye=\toks17
\pgfutil@tempdima=\dimen117
\pgfutil@tempdimb=\dimen118

("C:\Program Files\MiKTeX 2.9\tex\generic\pgf\utilities\pgfutil-common-lists.te
x")) ("C:\Program Files\MiKTeX 2.9\tex\generic\pgf\utilities\pgfkeys.code.tex"
\pgfkeys@pathtoks=\toks18
\pgfkeys@temptoks=\toks19

("C:\Program Files\MiKTeX 2.9\tex\generic\pgf\utilities\pgfkeysfiltered.code.te
x"
\pgfkeys@tmptoks=\toks20
)) ("C:\Program Files\MiKTeX 2.9\tex\generic\pgf\utilities\pgffor.code.tex"
("C:\Program Files\MiKTeX 2.9\tex\generic\pgf\math\pgfmath.code.tex"
("C:\Program Files\MiKTeX 2.9\tex\generic\pgf\math\pgfmathcalc.code.tex"
("C:\Program Files\MiKTeX 2.9\tex\generic\pgf\math\pgfmathutil.code.tex"
\pgf@x=\dimen119
\pgf@xa=\dimen120
\pgf@xb=\dimen121
\pgf@xc=\dimen122
\pgf@y=\dimen123
\pgf@ya=\dimen124
\pgf@yb=\dimen125
\pgf@yc=\dimen126
\c@pgf@counta=\count102
\c@pgf@countb=\count103
\c@pgf@countc=\count104
\c@pgf@countd=\count105
\pgfutil@tempcnta=\count106
\pgfutil@tempcntb=\count107
)
("C:\Program Files\MiKTeX 2.9\tex\generic\pgf\math\pgfmathparser.code.tex"
\pgfmath@dimen=\dimen127
\pgfmath@count=\count108
\pgfmath@box=\box26
\pgfmath@toks=\toks21
\pgfmath@stack@operand=\toks22
\pgfmath@stack@operation=\toks23
)
("C:\Program Files\MiKTeX 2.9\tex\generic\pgf\math\pgfmathfunctions.code.tex"
("C:\Program Files\MiKTeX 2.9\tex\generic\pgf\math\pgfmathfunctions.basic.code.
tex")
("C:\Program Files\MiKTeX 2.9\tex\generic\pgf\math\pgfmathfunctions.trigonometr
ic.code.tex")
("C:\Program Files\MiKTeX 2.9\tex\generic\pgf\math\pgfmathfunctions.random.code
.tex")
("C:\Program Files\MiKTeX 2.9\tex\generic\pgf\math\pgfmathfunctions.comparison.
code.tex")
("C:\Program Files\MiKTeX 2.9\tex\generic\pgf\math\pgfmathfunctions.base.code.t
ex")
("C:\Program Files\MiKTeX 2.9\tex\generic\pgf\math\pgfmathfunctions.round.code.
tex")
("C:\Program Files\MiKTeX 2.9\tex\generic\pgf\math\pgfmathfunctions.misc.code.t
ex")
("C:\Program Files\MiKTeX 2.9\tex\generic\pgf\math\pgfmathfunctions.integerarit
hmetics.code.tex")))
("C:\Program Files\MiKTeX 2.9\tex\generic\pgf\math\pgfmathfloat.code.tex"
\c@pgfmathroundto@lastzeros=\count109
))
\pgffor@iter=\dimen128
\pgffor@skip=\dimen129
\pgffor@stack=\toks24
\pgffor@toks=\toks25
)
\psLoopIndex=\count110

`PSTricks' v2.49b  <2013/12/21> (tvz)
\pst@dima=\dimen130
\pst@dimb=\dimen131
\pst@dimc=\dimen132
\pst@dimd=\dimen133
\pst@dimg=\dimen134
\pst@dimh=\dimen135
\pst@dimm=\dimen136
\pst@dimn=\dimen137
\pst@dimo=\dimen138
\pst@dimp=\dimen139
\pst@hbox=\box27
\pst@ibox=\box28
\pst@boxg=\box29
\pst@cnta=\count111
\pst@cntb=\count112
\pst@cntc=\count113
\pst@cntd=\count114
\pst@cntg=\count115
\pst@cnth=\count116
\pst@cntm=\count117
\pst@cntn=\count118
\pst@cnto=\count119
\pst@cntp=\count120
\@zero=\count121
\pst@toks=\toks26
("C:\Program Files\MiKTeX 2.9\tex\generic\pstricks\base\pstricks.con")
\psunit=\dimen140
\psxunit=\dimen141
\psyunit=\dimen142
\pst@C@@rType=\count122
\pslinewidth=\dimen143
\psk@startLW=\dimen144
\psk@endLW=\dimen145
\pst@customdefs=\toks27
\pslinearc=\dimen146
\pst@symbolStep=\dimen147
\pst@symbolWidth=\dimen148
\pst@symbolLinewidth=\dimen149
\everypsbox=\toks28
\psframesep=\dimen150
\pslabelsep=\dimen151
\sh@wgridXunit=\dimen152
\sh@wgridYunit=\dimen153
\pst@shift=\dimen154
)
File: pstricks.tex 2013/12/21 v2.49b `PSTricks' (tvz,hv)

("C:\Program Files\MiKTeX 2.9\tex\generic\pstricks\base\pst-fp.tex")
File: pst-fp.tex 2013/12/21 v2.49b `PST-fp' (hv)

("C:\Program Files\MiKTeX 2.9\tex\latex\xcolor\xcolor.sty"
Package: xcolor 2007/01/21 v2.11 LaTeX color extensions (UK)

("C:\Program Files\MiKTeX 2.9\tex\latex\00miktex\color.cfg"
File: color.cfg 2007/01/18 v1.5 color configuration of teTeX/TeXLive
)
Package xcolor Info: Driver file: pdftex.def on input line 225.
Package xcolor Info: Model `cmy' substituted by `cmy0' on input line 1337.
Package xcolor Info: Model `hsb' substituted by `rgb' on input line 1341.
Package xcolor Info: Model `RGB' extended on input line 1353.
Package xcolor Info: Model `HTML' substituted by `rgb' on input line 1355.
Package xcolor Info: Model `Hsb' substituted by `hsb' on input line 1356.
Package xcolor Info: Model `tHsb' substituted by `hsb' on input line 1357.
Package xcolor Info: Model `HSB' substituted by `hsb' on input line 1358.
Package xcolor Info: Model `Gray' substituted by `gray' on input line 1359.
Package xcolor Info: Model `wave' substituted by `hsb' on input line 1360.
))
("C:\Program Files\MiKTeX 2.9\tex\latex\pst-node\pst-node.sty"
Package: pst-node 2012/09/18 v1.01 LaTeX wrapper for `pst-node' (HV)
Package: pst-node 2010/04/22 package wrapper for pst-node.tex

("C:\Program Files\MiKTeX 2.9\tex\generic\pst-node\pst-node.tex"
 v1.33, 2014/03/25
\psrow=\count123
\pscol=\count124
\psmatrixcnt=\count125
\psrowsep=\skip49
\pscolsep=\skip50
\pst@args=\count126
\num@pts=\count127
\pst@argcnt=\count128
)
File: pst-node.tex 2014/03/25 1.33 `pst-node' (tvz,hv)
) ("C:\Program Files\MiKTeX 2.9\tex\latex\psfrag\psfrag.sty"
Package: psfrag 1998/04/11 v3.04 PSfrag (MCG)
\pfg@pcount=\count129
\pfg@scount=\count130
\pfg@temp=\write3
) ("C:\Program Files\MiKTeX 2.9\tex\latex\amsfonts\amssymb.sty"
Package: amssymb 2013/01/14 v3.01 AMS font symbols

("C:\Program Files\MiKTeX 2.9\tex\latex\amsfonts\amsfonts.sty"
Package: amsfonts 2013/01/14 v3.01 Basic AMSFonts support
\@emptytoks=\toks29
\symAMSa=\mathgroup4
\symAMSb=\mathgroup5
LaTeX Font Info:    Overwriting math alphabet `\mathfrak' in version `bold'
(Font)                  U/euf/m/n --> U/euf/b/n on input line 106.
))
("C:\Program Files\MiKTeX 2.9\tex\latex\amsmath\amsmath.sty"
Package: amsmath 2013/01/14 v2.14 AMS math features
\@mathmargin=\skip51

For additional information on amsmath, use the `?' option.
("C:\Program Files\MiKTeX 2.9\tex\latex\amsmath\amstext.sty"
Package: amstext 2000/06/29 v2.01

("C:\Program Files\MiKTeX 2.9\tex\latex\amsmath\amsgen.sty"
File: amsgen.sty 1999/11/30 v2.0
\@emptytoks=\toks30
\ex@=\dimen155
))
("C:\Program Files\MiKTeX 2.9\tex\latex\amsmath\amsbsy.sty"
Package: amsbsy 1999/11/29 v1.2d
\pmbraise@=\dimen156
)
("C:\Program Files\MiKTeX 2.9\tex\latex\amsmath\amsopn.sty"
Package: amsopn 1999/12/14 v2.01 operator names
)
\inf@bad=\count131
LaTeX Info: Redefining \frac on input line 210.
\uproot@=\count132
\leftroot@=\count133
LaTeX Info: Redefining \overline on input line 306.
\classnum@=\count134
\DOTSCASE@=\count135
LaTeX Info: Redefining \ldots on input line 378.
LaTeX Info: Redefining \dots on input line 381.
LaTeX Info: Redefining \cdots on input line 466.
\Mathstrutbox@=\box30
\strutbox@=\box31
\big@size=\dimen157
LaTeX Font Info:    Redeclaring font encoding OML on input line 566.
LaTeX Font Info:    Redeclaring font encoding OMS on input line 567.
\macc@depth=\count136
\c@MaxMatrixCols=\count137
\dotsspace@=\muskip10
\c@parentequation=\count138
\dspbrk@lvl=\count139
\tag@help=\toks31
\row@=\count140
\column@=\count141
\maxfields@=\count142
\andhelp@=\toks32
\eqnshift@=\dimen158
\alignsep@=\dimen159
\tagshift@=\dimen160
\tagwidth@=\dimen161
\totwidth@=\dimen162
\lineht@=\dimen163
\@envbody=\toks33
\multlinegap=\skip52
\multlinetaggap=\skip53
\mathdisplay@stack=\toks34
LaTeX Info: Redefining \[ on input line 2665.
LaTeX Info: Redefining \] on input line 2666.
)
("C:\Program Files\MiKTeX 2.9\tex\latex\tools\verbatim.sty"
Package: verbatim 2003/08/22 v1.5q LaTeX2e package for verbatim enhancements
\every@verbatim=\toks35
\verbatim@line=\toks36
\verbatim@in@stream=\read2
)
("C:\Program Files\MiKTeX 2.9\tex\latex\tools\enumerate.sty"
Package: enumerate 1999/03/05 v3.00 enumerate extensions (DPC)
\@enLab=\toks37
)
("C:\Program Files\MiKTeX 2.9\tex\latex\rotating\rotating.sty"
Package: rotating 2009/03/28 v2.16a rotated objects in LaTeX

("C:\Program Files\MiKTeX 2.9\tex\latex\base\ifthen.sty"
Package: ifthen 2001/05/26 v1.1c Standard LaTeX ifthen package (DPC)
)
\c@r@tfl@t=\count143
\rotFPtop=\skip54
\rotFPbot=\skip55
\rot@float@box=\box32
\rot@mess@toks=\toks38
)
("C:\Program Files\MiKTeX 2.9\tex\latex\graphics\lscape.sty"
Package: lscape 2000/10/22 v3.01 Landscape Pages (DPC)
)
("C:\Program Files\MiKTeX 2.9\tex\latex\multirow\multirow.sty"
\bigstrutjot=\dimen164
)
("C:\Program Files\MiKTeX 2.9\tex\latex\setspace\setspace.sty"
Package: setspace 2011/12/19 v6.7a set line spacing
)
("C:\Program Files\MiKTeX 2.9\tex\latex\natbib\natbib.sty"
Package: natbib 2010/09/13 8.31b (PWD, AO)
\bibhang=\skip56
\bibsep=\skip57
LaTeX Info: Redefining \cite on input line 694.
\c@NAT@ctr=\count144
)
("C:\Program Files\MiKTeX 2.9\tex\latex\footmisc\footmisc.sty"
Package: footmisc 2011/06/06 v5.5b a miscellany of footnote facilities
\FN@temptoken=\toks39
\footnotemargin=\dimen165
\c@pp@next@reset=\count145
Package footmisc Info: Declaring symbol style bringhurst on input line 855.
Package footmisc Info: Declaring symbol style chicago on input line 863.
Package footmisc Info: Declaring symbol style wiley on input line 872.
Package footmisc Info: Declaring symbol style lamport-robust on input line 883.

Package footmisc Info: Declaring symbol style lamport* on input line 903.
Package footmisc Info: Declaring symbol style lamport*-robust on input line 924
.
)
\c@Th=\count146
\c@Proof=\count147
\c@Mth=\count148
\c@Def=\count149
\c@Rem=\count150
\c@Qes=\count151
\c@proposition=\count152
\c@Lem=\count153
\c@Cor=\count154
\c@Exa=\count155
\c@Eq=\count156
\c@lemm=\count157
\c@thm=\count158
\c@cor=\count159
\c@defi=\count160
\c@prop=\count161
\c@example=\count162

("C:\Users\rockc_000\Documents\Professional Files\Mines\Research\Wind QC\Docume
nts\Paper\20141014_QC_Paper.aux")
LaTeX Font Info:    Checking defaults for OML/cmm/m/it on input line 291.
LaTeX Font Info:    ... okay on input line 291.
LaTeX Font Info:    Checking defaults for T1/cmr/m/n on input line 291.
LaTeX Font Info:    ... okay on input line 291.
LaTeX Font Info:    Checking defaults for OT1/cmr/m/n on input line 291.
LaTeX Font Info:    ... okay on input line 291.
LaTeX Font Info:    Checking defaults for OMS/cmsy/m/n on input line 291.
LaTeX Font Info:    ... okay on input line 291.
LaTeX Font Info:    Checking defaults for OMX/cmex/m/n on input line 291.
LaTeX Font Info:    ... okay on input line 291.
LaTeX Font Info:    Checking defaults for U/cmr/m/n on input line 291.
LaTeX Font Info:    ... okay on input line 291.

("C:\Program Files\MiKTeX 2.9\tex\context\base\supp-pdf.mkii"
[Loading MPS to PDF converter (version 2006.09.02).]
\scratchcounter=\count163
\scratchdimen=\dimen166
\scratchbox=\box33
\nofMPsegments=\count164
\nofMParguments=\count165
\everyMPshowfont=\toks40
\MPscratchCnt=\count166
\MPscratchDim=\dimen167
\MPnumerator=\count167
\makeMPintoPDFobject=\count168
\everyMPtoPDFconversion=\toks41
)
LaTeX Font Info:    Try loading font information for U+msa on input line 304.
 ("C:\Program Files\MiKTeX 2.9\tex\latex\amsfonts\umsa.fd"
File: umsa.fd 2013/01/14 v3.01 AMS symbols A
)
LaTeX Font Info:    Try loading font information for U+msb on input line 304.

("C:\Program Files\MiKTeX 2.9\tex\latex\amsfonts\umsb.fd"
File: umsb.fd 2013/01/14 v3.01 AMS symbols B
)
LaTeX Font Info:    Try loading font information for OMS+cmr on input line 306.


("C:\Program Files\MiKTeX 2.9\tex\latex\base\omscmr.fd"
File: omscmr.fd 1999/05/25 v2.5h Standard LaTeX font definitions
)
LaTeX Font Info:    Font shape `OMS/cmr/m/n' in size <10> not available
(Font)              Font shape `OMS/cmsy/m/n' tried instead on input line 306.
 [1
Non-PDF special ignored!
Non-PDF special ignored!
Non-PDF special ignored!
Non-PDF special ignored!
Non-PDF special ignored!
Non-PDF special ignored!


Non-PDF special ignored!
Non-PDF special ignored!
Non-PDF special ignored!
Non-PDF special ignored!{C:/ProgramData/MiKTeX/2.9/pdftex/config/pdftex.map}]
[1

] [2] [3] [4] [5] [6] [7] [8] [9]
LaTeX Font Info:    Font shape `OMS/cmr/m/n' in size <12> not available
(Font)              Font shape `OMS/cmsy/m/n' tried instead on input line 487.
 [10] [11] [12] [13] [14] [15] [16]
("C:\Users\rockc_000\Documents\Professional Files\Mines\Research\Wind QC\Docume
nts\Paper\20141014_QC_Paper.bbl" [17

])
<70219_Data_Unhomogenized_no_vlines.png, id=74, 578.16pt x 252.945pt>
File: 70219_Data_Unhomogenized_no_vlines.png Graphic file (type png)

<use 70219_Data_Unhomogenized_no_vlines.png>
Package pdftex.def Info: 70219_Data_Unhomogenized_no_vlines.png used on input l
ine 570.
(pdftex.def)             Requested size: 245.71811pt x 107.49826pt.

<70219_Data_Unhomogenized_zoomed_no_vlines.png, id=75, 578.16pt x 252.945pt>
File: 70219_Data_Unhomogenized_zoomed_no_vlines.png Graphic file (type png)

<use 70219_Data_Unhomogenized_zoomed_no_vlines.png>
Package pdftex.def Info: 70219_Data_Unhomogenized_zoomed_no_vlines.png used on 
input line 571.
(pdftex.def)             Requested size: 245.71811pt x 107.49826pt.

Overfull \hbox (24.0pt too wide) in paragraph at lines 569--573
 [][] 
 []

<35121_time_series.png, id=76, 505.89pt x 216.81pt>
File: 35121_time_series.png Graphic file (type png)

<use 35121_time_series.png>
Package pdftex.def Info: 35121_time_series.png used on input line 597.
(pdftex.def)             Requested size: 442.2896pt x 189.55609pt.

<35121_simulated_1.png, id=77, 505.89pt x 216.81pt>
File: 35121_simulated_1.png Graphic file (type png)

<use 35121_simulated_1.png>
Package pdftex.def Info: 35121_simulated_1.png used on input line 598.
(pdftex.def)             Requested size: 221.14479pt x 94.77805pt.

<35121_contaminated_1.png, id=78, 505.89pt x 216.81pt>
File: 35121_contaminated_1.png Graphic file (type png)

<use 35121_contaminated_1.png>
Package pdftex.def Info: 35121_contaminated_1.png used on input line 599.
(pdftex.def)             Requested size: 221.14479pt x 94.77805pt.

<35121_simulated_2.png, id=79, 505.89pt x 216.81pt>
File: 35121_simulated_2.png Graphic file (type png)

<use 35121_simulated_2.png>
Package pdftex.def Info: 35121_simulated_2.png used on input line 600.
(pdftex.def)             Requested size: 221.14479pt x 94.77805pt.

<35121_contaminated_2.png, id=80, 505.89pt x 216.81pt>
File: 35121_contaminated_2.png Graphic file (type png)

<use 35121_contaminated_2.png>
Package pdftex.def Info: 35121_contaminated_2.png used on input line 601.
(pdftex.def)             Requested size: 221.14479pt x 94.77805pt.

<35121_simulated_3.png, id=81, 505.89pt x 216.81pt>
File: 35121_simulated_3.png Graphic file (type png)

<use 35121_simulated_3.png>
Package pdftex.def Info: 35121_simulated_3.png used on input line 602.
(pdftex.def)             Requested size: 221.14479pt x 94.77805pt.

<35121_contaminated_3.png, id=82, 505.89pt x 216.81pt>
File: 35121_contaminated_3.png Graphic file (type png)

<use 35121_contaminated_3.png>
Package pdftex.def Info: 35121_contaminated_3.png used on input line 603.
(pdftex.def)             Requested size: 221.14479pt x 94.77805pt.

<homogenization_efficiency_boxplots.png, id=83, 722.7pt x 578.16pt>
File: homogenization_efficiency_boxplots.png Graphic file (type png)

<use homogenization_efficiency_boxplots.png>
Package pdftex.def Info: homogenization_efficiency_boxplots.png used on input l
ine 610.
(pdftex.def)             Requested size: 491.43622pt x 393.15242pt.


LaTeX Warning: `!h' float specifier changed to `!ht'.

<Efficiency_Model_Plot_BW.png, id=84, 867.24pt x 433.62pt>
File: Efficiency_Model_Plot_BW.png Graphic file (type png)

<use Efficiency_Model_Plot_BW.png>
Package pdftex.def Info: Efficiency_Model_Plot_BW.png used on input line 617.
(pdftex.def)             Requested size: 491.43622pt x 245.71695pt.


LaTeX Warning: `!h' float specifier changed to `!ht'.

[18 <C:/Users/rockc_000/Documents/Professional Files/Mines/Research/Wind QC/Doc
uments/Paper/70219_Data_Unhomogenized_no_vlines.png> <C:/Users/rockc_000/Docume
nts/Professional Files/Mines/Research/Wind QC/Documents/Paper/70219_Data_Unhomo
genized_zoomed_no_vlines.png>] [19 <C:/Users/rockc_000/Documents/Professional F
iles/Mines/Research/Wind QC/Documents/Paper/35121_time_series.png> <C:/Users/ro
ckc_000/Documents/Professional Files/Mines/Research/Wind QC/Documents/Paper/351
21_simulated_1.png> <C:/Users/rockc_000/Documents/Professional Files/Mines/Rese
arch/Wind QC/Documents/Paper/35121_contaminated_1.png> <C:/Users/rockc_000/Docu
ments/Professional Files/Mines/Research/Wind QC/Documents/Paper/35121_simulated
_2.png> <C:/Users/rockc_000/Documents/Professional Files/Mines/Research/Wind QC
/Documents/Paper/35121_contaminated_2.png> <C:/Users/rockc_000/Documents/Profes
sional Files/Mines/Research/Wind QC/Documents/Paper/35121_simulated_3.png> <C:/
Users/rockc_000/Documents/Professional Files/Mines/Research/Wind QC/Documents/P
aper/35121_contaminated_3.png>] [20 <C:/Users/rockc_000/Documents/Professional 
Files/Mines/Research/Wind QC/Documents/Paper/homogenization_efficiency_boxplots
.png>] [21 <C:/Users/rockc_000/Documents/Professional Files/Mines/Research/Wind
 QC/Documents/Paper/Efficiency_Model_Plot_BW.png>] [22

]
Overfull \hbox (27.68016pt too wide) in paragraph at lines 656--669
 [][] 
 []

<TPR_Order_Plot_BW.png, id=112, 867.24pt x 216.81pt>
File: TPR_Order_Plot_BW.png Graphic file (type png)

<use TPR_Order_Plot_BW.png>
Package pdftex.def Info: TPR_Order_Plot_BW.png used on input line 675.
(pdftex.def)             Requested size: 491.43622pt x 122.85847pt.
 [23

 <C:/Users/rockc_000/Documents/Professional Files/Mines/Research/Wind QC/Docume
nts/Paper/TPR_Order_Plot_BW.png>] [24

]
<FPR_Order_Plot_BW.png, id=121, 867.24pt x 216.81pt>
File: FPR_Order_Plot_BW.png Graphic file (type png)

<use FPR_Order_Plot_BW.png>
Package pdftex.def Info: FPR_Order_Plot_BW.png used on input line 714.
(pdftex.def)             Requested size: 491.43622pt x 122.85847pt.
 [25

 <C:/Users/rockc_000/Documents/Professional Files/Mines/Research/Wind QC/Docume
nts/Paper/FPR_Order_Plot_BW.png>] [26

]
<Efficiency_Order_Plot_BW.png, id=129, 867.24pt x 216.81pt>
File: Efficiency_Order_Plot_BW.png Graphic file (type png)

<use Efficiency_Order_Plot_BW.png>
Package pdftex.def Info: Efficiency_Order_Plot_BW.png used on input line 753.
(pdftex.def)             Requested size: 491.43622pt x 122.85847pt.
 [27

 <C:/Users/rockc_000/Documents/Professional Files/Mines/Research/Wind QC/Docume
nts/Paper/Efficiency_Order_Plot_BW.png>]
[28

] <"70219_Data_Unhomogenized_zoomed".png, id=137, 578.16pt x 252.945pt>
File: "70219_Data_Unhomogenized_zoomed".png Graphic file (type png)

<use "70219_Data_Unhomogenized_zoomed".png>
Package pdftex.def Info: "70219_Data_Unhomogenized_zoomed".png used on input li
ne 792.
(pdftex.def)             Requested size: 442.2896pt x 193.50229pt.

<"70219_Data_Homogenized_zoomed".png, id=138, 578.16pt x 252.945pt>
File: "70219_Data_Homogenized_zoomed".png Graphic file (type png)

<use "70219_Data_Homogenized_zoomed".png>
Package pdftex.def Info: "70219_Data_Homogenized_zoomed".png used on input line
 793.
(pdftex.def)             Requested size: 442.2896pt x 193.50229pt.

<"70219_Data_Homogenized".png, id=139, 578.16pt x 252.945pt>
File: "70219_Data_Homogenized".png Graphic file (type png)

<use "70219_Data_Homogenized".png>
Package pdftex.def Info: "70219_Data_Homogenized".png used on input line 794.
(pdftex.def)             Requested size: 442.2896pt x 193.50229pt.
 [29 <C:/Users/rockc_000/Documents/Professional Files/Mines/Research/Wind QC/Do
cuments/Paper/70219_Data_Unhomogenized_zoomed.png> <C:/Users/rockc_000/Document
s/Professional Files/Mines/Research/Wind QC/Documents/Paper/70219_Data_Homogeni
zed_zoomed.png> <C:/Users/rockc_000/Documents/Professional Files/Mines/Research
/Wind QC/Documents/Paper/70219_Data_Homogenized.png>]
("C:\Users\rockc_000\Documents\Professional Files\Mines\Research\Wind QC\Docume
nts\Paper\20141014_QC_Paper.aux") ) 
Here is how much of TeX's memory you used:
 10961 strings out of 493921
 179693 string characters out of 3147270
 244915 words of memory out of 3000000
 14080 multiletter control sequences out of 15000+200000
 13886 words of font info for 54 fonts, out of 3000000 for 9000
 841 hyphenation exceptions out of 8191
 36i,12n,40p,1679b,365s stack positions out of 5000i,500n,10000p,200000b,50000s
<C:/Program Files/MiKTeX 2.9/fonts/type1/pub
lic/amsfonts/cm/cmbx12.pfb><C:/Program Files/MiKTeX 2.9/fonts/type1/public/amsf
onts/cm/cmex10.pfb><C:/Program Files/MiKTeX 2.9/fonts/type1/public/amsfonts/cme
xtra/cmex8.pfb><C:/Program Files/MiKTeX 2.9/fonts/type1/public/amsfonts/cm/cmmi
12.pfb><C:/Program Files/MiKTeX 2.9/fonts/type1/public/amsfonts/cm/cmmi6.pfb><C
:/Program Files/MiKTeX 2.9/fonts/type1/public/amsfonts/cm/cmmi8.pfb><C:/Program
 Files/MiKTeX 2.9/fonts/type1/public/amsfonts/cm/cmr10.pfb><C:/Program Files/Mi
KTeX 2.9/fonts/type1/public/amsfonts/cm/cmr12.pfb><C:/Program Files/MiKTeX 2.9/
fonts/type1/public/amsfonts/cm/cmr6.pfb><C:/Program Files/MiKTeX 2.9/fonts/type
1/public/amsfonts/cm/cmr7.pfb><C:/Program Files/MiKTeX 2.9/fonts/type1/public/a
msfonts/cm/cmr8.pfb><C:/Program Files/MiKTeX 2.9/fonts/type1/public/amsfonts/cm
/cmsy10.pfb><C:/Program Files/MiKTeX 2.9/fonts/type1/public/amsfonts/cm/cmsy6.p
fb><C:/Program Files/MiKTeX 2.9/fonts/type1/public/amsfonts/cm/cmsy8.pfb><C:/Pr
ogram Files/MiKTeX 2.9/fonts/type1/public/amsfonts/cm/cmti12.pfb><C:/Program Fi
les/MiKTeX 2.9/fonts/type1/public/amsfonts/cm/cmtt12.pfb>
Output written on 20141014_QC_Paper.pdf (30 pages, 775565 bytes).
PDF statistics:
 196 PDF objects out of 1000 (max. 8388607)
 0 named destinations out of 1000 (max. 500000)
 86 words of extra memory for PDF output out of 10000 (max. 10000000)

