This is pdfTeX, Version 3.1415926-2.5-1.40.14 (MiKTeX 2.9 64-bit) (preloaded format=pdflatex 2014.4.21)  13 MAR 2015 08:56
entering extended mode
**20150312_QC_Paper.tex

(C:\Users\rockc_000\Documents\GitHub\Stan-Norm-Hom-Test\Paper\20150312_QC_Paper
.tex
LaTeX2e <2011/06/27>
Babel <v3.8m> and hyphenation patterns for english, afrikaans, ancientgreek, ar
abic, armenian, assamese, basque, bengali, bokmal, bulgarian, catalan, coptic, 
croatian, czech, danish, dutch, esperanto, estonian, farsi, finnish, french, ga
lician, german, german-x-2013-05-26, greek, gujarati, hindi, hungarian, iceland
ic, indonesian, interlingua, irish, italian, kannada, kurmanji, latin, latvian,
 lithuanian, malayalam, marathi, mongolian, mongolianlmc, monogreek, ngerman, n
german-x-2013-05-26, nynorsk, oriya, panjabi, pinyin, polish, portuguese, roman
ian, russian, sanskrit, serbian, slovak, slovenian, spanish, swedish, swissgerm
an, tamil, telugu, turkish, turkmen, ukenglish, ukrainian, uppersorbian, usengl
ishmax, welsh, loaded.
("C:\Program Files\MiKTeX 2.9\tex\latex\base\article.cls"
Document Class: article 2007/10/19 v1.4h Standard LaTeX document class
("C:\Program Files\MiKTeX 2.9\tex\latex\base\size12.clo"
File: size12.clo 2007/10/19 v1.4h Standard LaTeX file (size option)
)
\c@part=\count79
\c@section=\count80
\c@subsection=\count81
\c@subsubsection=\count82
\c@paragraph=\count83
\c@subparagraph=\count84
\c@figure=\count85
\c@table=\count86
\abovecaptionskip=\skip41
\belowcaptionskip=\skip42
\bibindent=\dimen102
)
("C:\Program Files\MiKTeX 2.9\tex\latex\graphics\epsfig.sty"
Package: epsfig 1999/02/16 v1.7a (e)psfig emulation (SPQR)

("C:\Program Files\MiKTeX 2.9\tex\latex\graphics\graphicx.sty"
Package: graphicx 1999/02/16 v1.0f Enhanced LaTeX Graphics (DPC,SPQR)

("C:\Program Files\MiKTeX 2.9\tex\latex\graphics\keyval.sty"
Package: keyval 1999/03/16 v1.13 key=value parser (DPC)
\KV@toks@=\toks14
)
("C:\Program Files\MiKTeX 2.9\tex\latex\graphics\graphics.sty"
Package: graphics 2009/02/05 v1.0o Standard LaTeX Graphics (DPC,SPQR)

("C:\Program Files\MiKTeX 2.9\tex\latex\graphics\trig.sty"
Package: trig 1999/03/16 v1.09 sin cos tan (DPC)
)
("C:\Program Files\MiKTeX 2.9\tex\latex\00miktex\graphics.cfg"
File: graphics.cfg 2007/01/18 v1.5 graphics configuration of teTeX/TeXLive
)
Package graphics Info: Driver file: pdftex.def on input line 91.

("C:\Program Files\MiKTeX 2.9\tex\latex\pdftex-def\pdftex.def"
File: pdftex.def 2011/05/27 v0.06d Graphics/color for pdfTeX

("C:\Program Files\MiKTeX 2.9\tex\generic\oberdiek\infwarerr.sty"
Package: infwarerr 2010/04/08 v1.3 Providing info/warning/error messages (HO)
)
("C:\Program Files\MiKTeX 2.9\tex\generic\oberdiek\ltxcmds.sty"
Package: ltxcmds 2011/11/09 v1.22 LaTeX kernel commands for general use (HO)
)
\Gread@gobject=\count87
))
\Gin@req@height=\dimen103
\Gin@req@width=\dimen104
)
\epsfxsize=\dimen105
\epsfysize=\dimen106
)
("C:\Program Files\MiKTeX 2.9\tex\latex\epsf\epsf.sty"
This is `epsf.tex' v2.7.4 <14 February 2011>
\epsffilein=\read1
\epsfframemargin=\dimen107
\epsfframethickness=\dimen108
\epsfrsize=\dimen109
\epsftmp=\dimen110
\epsftsize=\dimen111
\epsfxsize=\dimen112
\epsfysize=\dimen113
\pspoints=\dimen114
) ("C:\Program Files\MiKTeX 2.9\tex\latex\subfigure\subfigure.sty"
Package: subfigure 2002/07/30 v2.1.4 subfigure package
\subfigtopskip=\skip43
\subfigcapskip=\skip44
\subfigcaptopadj=\dimen115
\subfigbottomskip=\skip45
\subfigcapmargin=\dimen116
\subfiglabelskip=\skip46
\c@subfigure=\count88
\c@lofdepth=\count89
\c@subtable=\count90
\c@lotdepth=\count91

****************************************
* Local config file subfigure.cfg used *
****************************************
("C:\Program Files\MiKTeX 2.9\tex\latex\subfigure\subfigure.cfg")
\subfig@top=\skip47
\subfig@bottom=\skip48
)
("C:\Program Files\MiKTeX 2.9\tex\latex\pstricks\pstricks.sty"
Package: pstricks 2013/12/12 v0.60 LaTeX wrapper for `PSTricks' (RN,HV)

("C:\Program Files\MiKTeX 2.9\tex\generic\oberdiek\ifpdf.sty"
Package: ifpdf 2011/01/30 v2.3 Provides the ifpdf switch (HO)
Package ifpdf Info: pdfTeX in PDF mode is detected.
)
("C:\Program Files\MiKTeX 2.9\tex\generic\pstricks\base\pstricks.tex"
("C:\Program Files\MiKTeX 2.9\tex\generic\xkeyval\pst-xkey.tex"
File: pst-xkey.tex 2005/11/25 v1.6 PSTricks specialization of xkeyval (HA)

("C:\Program Files\MiKTeX 2.9\tex\latex\xkeyval\xkeyval.sty"
Package: xkeyval 2012/10/14 v2.6b package option processing (HA)

("C:\Program Files\MiKTeX 2.9\tex\generic\xkeyval\xkeyval.tex"
\XKV@toks=\toks15
\XKV@tempa@toks=\toks16
\XKV@depth=\count92
File: xkeyval.tex 2012/10/14 v2.6b key=value parser (HA)
)))
("C:\Program Files\MiKTeX 2.9\tex\generic\pstricks\base\pst-fp.tex"
`pst-fp' v0.05, 2010/01/17 (hv)
\pstFP@xs=\count93
\pstFP@xia=\count94
\pstFP@xib=\count95
\pstFP@xfa=\count96
\pstFP@xfb=\count97
\pstFP@rega=\count98
\pstFP@regb=\count99
\pstFP@regs=\count100
\pstFP@times=\count101
)
("C:\Program Files\MiKTeX 2.9\tex\generic\pgf\utilities\pgfutil-common.tex"
\pgfutil@everybye=\toks17
\pgfutil@tempdima=\dimen117
\pgfutil@tempdimb=\dimen118

("C:\Program Files\MiKTeX 2.9\tex\generic\pgf\utilities\pgfutil-common-lists.te
x")) ("C:\Program Files\MiKTeX 2.9\tex\generic\pgf\utilities\pgfkeys.code.tex"
\pgfkeys@pathtoks=\toks18
\pgfkeys@temptoks=\toks19

("C:\Program Files\MiKTeX 2.9\tex\generic\pgf\utilities\pgfkeysfiltered.code.te
x"
\pgfkeys@tmptoks=\toks20
)) ("C:\Program Files\MiKTeX 2.9\tex\generic\pgf\utilities\pgffor.code.tex"
("C:\Program Files\MiKTeX 2.9\tex\generic\pgf\math\pgfmath.code.tex"
("C:\Program Files\MiKTeX 2.9\tex\generic\pgf\math\pgfmathcalc.code.tex"
("C:\Program Files\MiKTeX 2.9\tex\generic\pgf\math\pgfmathutil.code.tex"
\pgf@x=\dimen119
\pgf@xa=\dimen120
\pgf@xb=\dimen121
\pgf@xc=\dimen122
\pgf@y=\dimen123
\pgf@ya=\dimen124
\pgf@yb=\dimen125
\pgf@yc=\dimen126
\c@pgf@counta=\count102
\c@pgf@countb=\count103
\c@pgf@countc=\count104
\c@pgf@countd=\count105
\pgfutil@tempcnta=\count106
\pgfutil@tempcntb=\count107
)
("C:\Program Files\MiKTeX 2.9\tex\generic\pgf\math\pgfmathparser.code.tex"
\pgfmath@dimen=\dimen127
\pgfmath@count=\count108
\pgfmath@box=\box26
\pgfmath@toks=\toks21
\pgfmath@stack@operand=\toks22
\pgfmath@stack@operation=\toks23
)
("C:\Program Files\MiKTeX 2.9\tex\generic\pgf\math\pgfmathfunctions.code.tex"
("C:\Program Files\MiKTeX 2.9\tex\generic\pgf\math\pgfmathfunctions.basic.code.
tex")
("C:\Program Files\MiKTeX 2.9\tex\generic\pgf\math\pgfmathfunctions.trigonometr
ic.code.tex")
("C:\Program Files\MiKTeX 2.9\tex\generic\pgf\math\pgfmathfunctions.random.code
.tex")
("C:\Program Files\MiKTeX 2.9\tex\generic\pgf\math\pgfmathfunctions.comparison.
code.tex")
("C:\Program Files\MiKTeX 2.9\tex\generic\pgf\math\pgfmathfunctions.base.code.t
ex")
("C:\Program Files\MiKTeX 2.9\tex\generic\pgf\math\pgfmathfunctions.round.code.
tex")
("C:\Program Files\MiKTeX 2.9\tex\generic\pgf\math\pgfmathfunctions.misc.code.t
ex")
("C:\Program Files\MiKTeX 2.9\tex\generic\pgf\math\pgfmathfunctions.integerarit
hmetics.code.tex")))
("C:\Program Files\MiKTeX 2.9\tex\generic\pgf\math\pgfmathfloat.code.tex"
\c@pgfmathroundto@lastzeros=\count109
))
\pgffor@iter=\dimen128
\pgffor@skip=\dimen129
\pgffor@stack=\toks24
\pgffor@toks=\toks25
)
\psLoopIndex=\count110

`PSTricks' v2.49b  <2013/12/21> (tvz)
\pst@dima=\dimen130
\pst@dimb=\dimen131
\pst@dimc=\dimen132
\pst@dimd=\dimen133
\pst@dimg=\dimen134
\pst@dimh=\dimen135
\pst@dimm=\dimen136
\pst@dimn=\dimen137
\pst@dimo=\dimen138
\pst@dimp=\dimen139
\pst@hbox=\box27
\pst@ibox=\box28
\pst@boxg=\box29
\pst@cnta=\count111
\pst@cntb=\count112
\pst@cntc=\count113
\pst@cntd=\count114
\pst@cntg=\count115
\pst@cnth=\count116
\pst@cntm=\count117
\pst@cntn=\count118
\pst@cnto=\count119
\pst@cntp=\count120
\@zero=\count121
\pst@toks=\toks26
("C:\Program Files\MiKTeX 2.9\tex\generic\pstricks\base\pstricks.con")
\psunit=\dimen140
\psxunit=\dimen141
\psyunit=\dimen142
\pst@C@@rType=\count122
\pslinewidth=\dimen143
\psk@startLW=\dimen144
\psk@endLW=\dimen145
\pst@customdefs=\toks27
\pslinearc=\dimen146
\pst@symbolStep=\dimen147
\pst@symbolWidth=\dimen148
\pst@symbolLinewidth=\dimen149
\everypsbox=\toks28
\psframesep=\dimen150
\pslabelsep=\dimen151
\sh@wgridXunit=\dimen152
\sh@wgridYunit=\dimen153
\pst@shift=\dimen154
)
File: pstricks.tex 2013/12/21 v2.49b `PSTricks' (tvz,hv)

("C:\Program Files\MiKTeX 2.9\tex\generic\pstricks\base\pst-fp.tex")
File: pst-fp.tex 2013/12/21 v2.49b `PST-fp' (hv)

("C:\Program Files\MiKTeX 2.9\tex\latex\xcolor\xcolor.sty"
Package: xcolor 2007/01/21 v2.11 LaTeX color extensions (UK)

("C:\Program Files\MiKTeX 2.9\tex\latex\00miktex\color.cfg"
File: color.cfg 2007/01/18 v1.5 color configuration of teTeX/TeXLive
)
Package xcolor Info: Driver file: pdftex.def on input line 225.
Package xcolor Info: Model `cmy' substituted by `cmy0' on input line 1337.
Package xcolor Info: Model `hsb' substituted by `rgb' on input line 1341.
Package xcolor Info: Model `RGB' extended on input line 1353.
Package xcolor Info: Model `HTML' substituted by `rgb' on input line 1355.
Package xcolor Info: Model `Hsb' substituted by `hsb' on input line 1356.
Package xcolor Info: Model `tHsb' substituted by `hsb' on input line 1357.
Package xcolor Info: Model `HSB' substituted by `hsb' on input line 1358.
Package xcolor Info: Model `Gray' substituted by `gray' on input line 1359.
Package xcolor Info: Model `wave' substituted by `hsb' on input line 1360.
))
("C:\Program Files\MiKTeX 2.9\tex\latex\pst-node\pst-node.sty"
Package: pst-node 2012/09/18 v1.01 LaTeX wrapper for `pst-node' (HV)
Package: pst-node 2010/04/22 package wrapper for pst-node.tex

("C:\Program Files\MiKTeX 2.9\tex\generic\pst-node\pst-node.tex"
 v1.33, 2014/03/25
\psrow=\count123
\pscol=\count124
\psmatrixcnt=\count125
\psrowsep=\skip49
\pscolsep=\skip50
\pst@args=\count126
\num@pts=\count127
\pst@argcnt=\count128
)
File: pst-node.tex 2014/03/25 1.33 `pst-node' (tvz,hv)
) ("C:\Program Files\MiKTeX 2.9\tex\latex\psfrag\psfrag.sty"
Package: psfrag 1998/04/11 v3.04 PSfrag (MCG)
\pfg@pcount=\count129
\pfg@scount=\count130
\pfg@temp=\write3
) ("C:\Program Files\MiKTeX 2.9\tex\latex\amsfonts\amssymb.sty"
Package: amssymb 2013/01/14 v3.01 AMS font symbols

("C:\Program Files\MiKTeX 2.9\tex\latex\amsfonts\amsfonts.sty"
Package: amsfonts 2013/01/14 v3.01 Basic AMSFonts support
\@emptytoks=\toks29
\symAMSa=\mathgroup4
\symAMSb=\mathgroup5
LaTeX Font Info:    Overwriting math alphabet `\mathfrak' in version `bold'
(Font)                  U/euf/m/n --> U/euf/b/n on input line 106.
))
("C:\Program Files\MiKTeX 2.9\tex\latex\amsmath\amsmath.sty"
Package: amsmath 2013/01/14 v2.14 AMS math features
\@mathmargin=\skip51

For additional information on amsmath, use the `?' option.
("C:\Program Files\MiKTeX 2.9\tex\latex\amsmath\amstext.sty"
Package: amstext 2000/06/29 v2.01

("C:\Program Files\MiKTeX 2.9\tex\latex\amsmath\amsgen.sty"
File: amsgen.sty 1999/11/30 v2.0
\@emptytoks=\toks30
\ex@=\dimen155
))
("C:\Program Files\MiKTeX 2.9\tex\latex\amsmath\amsbsy.sty"
Package: amsbsy 1999/11/29 v1.2d
\pmbraise@=\dimen156
)
("C:\Program Files\MiKTeX 2.9\tex\latex\amsmath\amsopn.sty"
Package: amsopn 1999/12/14 v2.01 operator names
)
\inf@bad=\count131
LaTeX Info: Redefining \frac on input line 210.
\uproot@=\count132
\leftroot@=\count133
LaTeX Info: Redefining \overline on input line 306.
\classnum@=\count134
\DOTSCASE@=\count135
LaTeX Info: Redefining \ldots on input line 378.
LaTeX Info: Redefining \dots on input line 381.
LaTeX Info: Redefining \cdots on input line 466.
\Mathstrutbox@=\box30
\strutbox@=\box31
\big@size=\dimen157
LaTeX Font Info:    Redeclaring font encoding OML on input line 566.
LaTeX Font Info:    Redeclaring font encoding OMS on input line 567.
\macc@depth=\count136
\c@MaxMatrixCols=\count137
\dotsspace@=\muskip10
\c@parentequation=\count138
\dspbrk@lvl=\count139
\tag@help=\toks31
\row@=\count140
\column@=\count141
\maxfields@=\count142
\andhelp@=\toks32
\eqnshift@=\dimen158
\alignsep@=\dimen159
\tagshift@=\dimen160
\tagwidth@=\dimen161
\totwidth@=\dimen162
\lineht@=\dimen163
\@envbody=\toks33
\multlinegap=\skip52
\multlinetaggap=\skip53
\mathdisplay@stack=\toks34
LaTeX Info: Redefining \[ on input line 2665.
LaTeX Info: Redefining \] on input line 2666.
)
("C:\Program Files\MiKTeX 2.9\tex\latex\tools\verbatim.sty"
Package: verbatim 2003/08/22 v1.5q LaTeX2e package for verbatim enhancements
\every@verbatim=\toks35
\verbatim@line=\toks36
\verbatim@in@stream=\read2
)
("C:\Program Files\MiKTeX 2.9\tex\latex\tools\enumerate.sty"
Package: enumerate 1999/03/05 v3.00 enumerate extensions (DPC)
\@enLab=\toks37
)
("C:\Program Files\MiKTeX 2.9\tex\latex\rotating\rotating.sty"
Package: rotating 2009/03/28 v2.16a rotated objects in LaTeX

("C:\Program Files\MiKTeX 2.9\tex\latex\base\ifthen.sty"
Package: ifthen 2001/05/26 v1.1c Standard LaTeX ifthen package (DPC)
)
\c@r@tfl@t=\count143
\rotFPtop=\skip54
\rotFPbot=\skip55
\rot@float@box=\box32
\rot@mess@toks=\toks38
)
("C:\Program Files\MiKTeX 2.9\tex\latex\graphics\lscape.sty"
Package: lscape 2000/10/22 v3.01 Landscape Pages (DPC)
)
("C:\Program Files\MiKTeX 2.9\tex\latex\multirow\multirow.sty"
\bigstrutjot=\dimen164
)
("C:\Program Files\MiKTeX 2.9\tex\latex\setspace\setspace.sty"
Package: setspace 2011/12/19 v6.7a set line spacing
)
("C:\Program Files\MiKTeX 2.9\tex\latex\hyperref\hyperref.sty"
Package: hyperref 2012/11/06 v6.83m Hypertext links for LaTeX

("C:\Program Files\MiKTeX 2.9\tex\generic\oberdiek\hobsub-hyperref.sty"
Package: hobsub-hyperref 2012/04/25 v1.12 Bundle oberdiek, subset hyperref (HO)


("C:\Program Files\MiKTeX 2.9\tex\generic\oberdiek\hobsub-generic.sty"
Package: hobsub-generic 2012/04/25 v1.12 Bundle oberdiek, subset generic (HO)
Package: hobsub 2012/04/25 v1.12 Construct package bundles (HO)
Package hobsub Info: Skipping package `infwarerr' (already loaded).
Package hobsub Info: Skipping package `ltxcmds' (already loaded).
Package: ifluatex 2010/03/01 v1.3 Provides the ifluatex switch (HO)
Package ifluatex Info: LuaTeX not detected.
Package: ifvtex 2010/03/01 v1.5 Detect VTeX and its facilities (HO)
Package ifvtex Info: VTeX not detected.
Package: intcalc 2007/09/27 v1.1 Expandable calculations with integers (HO)
Package hobsub Info: Skipping package `ifpdf' (already loaded).
Package: etexcmds 2011/02/16 v1.5 Avoid name clashes with e-TeX commands (HO)
Package etexcmds Info: Could not find \expanded.
(etexcmds)             That can mean that you are not using pdfTeX 1.50 or
(etexcmds)             that some package has redefined \expanded.
(etexcmds)             In the latter case, load this package earlier.
Package: kvsetkeys 2012/04/25 v1.16 Key value parser (HO)
Package: kvdefinekeys 2011/04/07 v1.3 Define keys (HO)
Package: pdftexcmds 2011/11/29 v0.20 Utility functions of pdfTeX for LuaTeX (HO
)
Package pdftexcmds Info: LuaTeX not detected.
Package pdftexcmds Info: \pdf@primitive is available.
Package pdftexcmds Info: \pdf@ifprimitive is available.
Package pdftexcmds Info: \pdfdraftmode found.
Package: pdfescape 2011/11/25 v1.13 Implements pdfTeX's escape features (HO)
Package: bigintcalc 2012/04/08 v1.3 Expandable calculations on big integers (HO
)
Package: bitset 2011/01/30 v1.1 Handle bit-vector datatype (HO)
Package: uniquecounter 2011/01/30 v1.2 Provide unlimited unique counter (HO)
)
Package hobsub Info: Skipping package `hobsub' (already loaded).
Package: letltxmacro 2010/09/02 v1.4 Let assignment for LaTeX macros (HO)
Package: hopatch 2011/06/24 v1.1 Wrapper for package hooks (HO)
Package: xcolor-patch 2011/01/30 xcolor patch
Package: atveryend 2011/06/30 v1.8 Hooks at the very end of document (HO)
Package atveryend Info: \enddocument detected (standard20110627).
Package: atbegshi 2011/10/05 v1.16 At begin shipout hook (HO)
Package: refcount 2011/10/16 v3.4 Data extraction from label references (HO)
Package: hycolor 2011/01/30 v1.7 Color options for hyperref/bookmark (HO)
)
("C:\Program Files\MiKTeX 2.9\tex\generic\ifxetex\ifxetex.sty"
Package: ifxetex 2010/09/12 v0.6 Provides ifxetex conditional
)
("C:\Program Files\MiKTeX 2.9\tex\latex\oberdiek\auxhook.sty"
Package: auxhook 2011/03/04 v1.3 Hooks for auxiliary files (HO)
)
("C:\Program Files\MiKTeX 2.9\tex\latex\oberdiek\kvoptions.sty"
Package: kvoptions 2011/06/30 v3.11 Key value format for package options (HO)
)
\@linkdim=\dimen165
\Hy@linkcounter=\count144
\Hy@pagecounter=\count145

("C:\Program Files\MiKTeX 2.9\tex\latex\hyperref\pd1enc.def"
File: pd1enc.def 2012/11/06 v6.83m Hyperref: PDFDocEncoding definition (HO)
)
\Hy@SavedSpaceFactor=\count146

("C:\Program Files\MiKTeX 2.9\tex\latex\00miktex\hyperref.cfg"
File: hyperref.cfg 2002/06/06 v1.2 hyperref configuration of TeXLive
)
Package hyperref Info: Hyper figures OFF on input line 4443.
Package hyperref Info: Link nesting OFF on input line 4448.
Package hyperref Info: Hyper index ON on input line 4451.
Package hyperref Info: Plain pages OFF on input line 4458.
Package hyperref Info: Backreferencing OFF on input line 4463.
Package hyperref Info: Implicit mode ON; LaTeX internals redefined.
Package hyperref Info: Bookmarks ON on input line 4688.
\c@Hy@tempcnt=\count147

("C:\Program Files\MiKTeX 2.9\tex\latex\url\url.sty"
\Urlmuskip=\muskip11
Package: url 2013/09/16  ver 3.4  Verb mode for urls, etc.
)
LaTeX Info: Redefining \url on input line 5041.
\XeTeXLinkMargin=\dimen166
\Fld@menulength=\count148
\Field@Width=\dimen167
\Fld@charsize=\dimen168
Package hyperref Info: Hyper figures OFF on input line 6295.
Package hyperref Info: Link nesting OFF on input line 6300.
Package hyperref Info: Hyper index ON on input line 6303.
Package hyperref Info: backreferencing OFF on input line 6310.
Package hyperref Info: Link coloring OFF on input line 6315.
Package hyperref Info: Link coloring with OCG OFF on input line 6320.
Package hyperref Info: PDF/A mode OFF on input line 6325.
LaTeX Info: Redefining \ref on input line 6365.
LaTeX Info: Redefining \pageref on input line 6369.
\Hy@abspage=\count149
\c@Item=\count150
\c@Hfootnote=\count151
)

Package hyperref Message: Driver (autodetected): hpdftex.

("C:\Program Files\MiKTeX 2.9\tex\latex\hyperref\hpdftex.def"
File: hpdftex.def 2012/11/06 v6.83m Hyperref driver for pdfTeX
\Fld@listcount=\count152
\c@bookmark@seq@number=\count153

("C:\Program Files\MiKTeX 2.9\tex\latex\oberdiek\rerunfilecheck.sty"
Package: rerunfilecheck 2011/04/15 v1.7 Rerun checks for auxiliary files (HO)
Package uniquecounter Info: New unique counter `rerunfilecheck' on input line 2
82.
)
\Hy@SectionHShift=\skip56
)
("C:\Program Files\MiKTeX 2.9\tex\latex\natbib\natbib.sty"
Package: natbib 2010/09/13 8.31b (PWD, AO)
\bibhang=\skip57
\bibsep=\skip58
LaTeX Info: Redefining \cite on input line 694.
\c@NAT@ctr=\count154
)
("C:\Program Files\MiKTeX 2.9\tex\latex\footmisc\footmisc.sty"
Package: footmisc 2011/06/06 v5.5b a miscellany of footnote facilities
\FN@temptoken=\toks39
\footnotemargin=\dimen169
\c@pp@next@reset=\count155
Package footmisc Info: Declaring symbol style bringhurst on input line 855.
Package footmisc Info: Declaring symbol style chicago on input line 863.
Package footmisc Info: Declaring symbol style wiley on input line 872.
Package footmisc Info: Declaring symbol style lamport-robust on input line 883.

Package footmisc Info: Declaring symbol style lamport* on input line 903.
Package footmisc Info: Declaring symbol style lamport*-robust on input line 924
.
)
\c@Th=\count156
\c@Proof=\count157
\c@Mth=\count158
\c@Def=\count159
\c@Rem=\count160
\c@Qes=\count161
\c@proposition=\count162
\c@Lem=\count163
\c@Cor=\count164
\c@Exa=\count165
\c@Eq=\count166
\c@lemm=\count167
\c@thm=\count168
\c@cor=\count169
\c@defi=\count170
\c@prop=\count171
\c@example=\count172

(C:\Users\rockc_000\Documents\GitHub\Stan-Norm-Hom-Test\Paper\20150312_QC_Paper
.aux)
LaTeX Font Info:    Checking defaults for OML/cmm/m/it on input line 294.
LaTeX Font Info:    ... okay on input line 294.
LaTeX Font Info:    Checking defaults for T1/cmr/m/n on input line 294.
LaTeX Font Info:    ... okay on input line 294.
LaTeX Font Info:    Checking defaults for OT1/cmr/m/n on input line 294.
LaTeX Font Info:    ... okay on input line 294.
LaTeX Font Info:    Checking defaults for OMS/cmsy/m/n on input line 294.
LaTeX Font Info:    ... okay on input line 294.
LaTeX Font Info:    Checking defaults for OMX/cmex/m/n on input line 294.
LaTeX Font Info:    ... okay on input line 294.
LaTeX Font Info:    Checking defaults for U/cmr/m/n on input line 294.
LaTeX Font Info:    ... okay on input line 294.
LaTeX Font Info:    Checking defaults for PD1/pdf/m/n on input line 294.
LaTeX Font Info:    ... okay on input line 294.
 ("C:\Program Files\MiKTeX 2.9\tex\context\base\supp-pdf.mkii"
[Loading MPS to PDF converter (version 2006.09.02).]
\scratchcounter=\count173
\scratchdimen=\dimen170
\scratchbox=\box33
\nofMPsegments=\count174
\nofMParguments=\count175
\everyMPshowfont=\toks40
\MPscratchCnt=\count176
\MPscratchDim=\dimen171
\MPnumerator=\count177
\makeMPintoPDFobject=\count178
\everyMPtoPDFconversion=\toks41
)
\AtBeginShipoutBox=\box34
Package hyperref Info: Link coloring OFF on input line 294.
 ("C:\Program Files\MiKTeX 2.9\tex\latex\hyperref\nameref.sty"
Package: nameref 2012/10/27 v2.43 Cross-referencing by name of section

("C:\Program Files\MiKTeX 2.9\tex\generic\oberdiek\gettitlestring.sty"
Package: gettitlestring 2010/12/03 v1.4 Cleanup title references (HO)
)
\c@section@level=\count179
)
LaTeX Info: Redefining \ref on input line 294.
LaTeX Info: Redefining \pageref on input line 294.
LaTeX Info: Redefining \nameref on input line 294.

(C:\Users\rockc_000\Documents\GitHub\Stan-Norm-Hom-Test\Paper\20150312_QC_Paper
.out)
(C:\Users\rockc_000\Documents\GitHub\Stan-Norm-Hom-Test\Paper\20150312_QC_Paper
.out)
\@outlinefile=\write4
LaTeX Font Info:    Try loading font information for U+msa on input line 307.
 ("C:\Program Files\MiKTeX 2.9\tex\latex\amsfonts\umsa.fd"
File: umsa.fd 2013/01/14 v3.01 AMS symbols A
)
LaTeX Font Info:    Try loading font information for U+msb on input line 307.

("C:\Program Files\MiKTeX 2.9\tex\latex\amsfonts\umsb.fd"
File: umsb.fd 2013/01/14 v3.01 AMS symbols B
)
LaTeX Font Info:    Try loading font information for OMS+cmr on input line 309.


("C:\Program Files\MiKTeX 2.9\tex\latex\base\omscmr.fd"
File: omscmr.fd 1999/05/25 v2.5h Standard LaTeX font definitions
)
LaTeX Font Info:    Font shape `OMS/cmr/m/n' in size <10> not available
(Font)              Font shape `OMS/cmsy/m/n' tried instead on input line 309.
 [1
Non-PDF special ignored!
Non-PDF special ignored!
Non-PDF special ignored!
Non-PDF special ignored!
Non-PDF special ignored!
Non-PDF special ignored!


Non-PDF special ignored!
Non-PDF special ignored!
Non-PDF special ignored!
Non-PDF special ignored!{C:/ProgramData/MiKTeX/2.9/pdftex/config/pdftex.map}]pd
fTeX warning (ext4): destination with the same identifier (name{page.1}) has be
en already used, duplicate ignored
<to be read again> 
                   \relax 
l.352 M
       any methods have been developed to homogenize radiosonde data, but mo...
[1

] [2] [3] [4] [5] [6] [7] [8] [9] [10] [11]
LaTeX Font Info:    Font shape `OMS/cmr/m/n' in size <12> not available
(Font)              Font shape `OMS/cmsy/m/n' tried instead on input line 485.
 [12] [13] [14] [15] [16] [17]
(C:\Users\rockc_000\Documents\GitHub\Stan-Norm-Hom-Test\Paper\20150312_QC_Paper
.bbl [18] [19]) [20] [21

]
Overfull \hbox (69.30464pt too wide) in paragraph at lines 603--625
 [][] 
 []

[22

]
Overfull \hbox (27.68016pt too wide) in paragraph at lines 632--645
 [][] 
 []

[23

] [24

] [25


] [26


]
<70219_Data_Unhomogenized_no_vlines.png, id=340, 578.16pt x 252.945pt>
File: 70219_Data_Unhomogenized_no_vlines.png Graphic file (type png)

<use 70219_Data_Unhomogenized_no_vlines.png>
Package pdftex.def Info: 70219_Data_Unhomogenized_no_vlines.png used on input l
ine 754.
(pdftex.def)             Requested size: 245.71811pt x 107.49826pt.

<70219_Data_Unhomogenized_zoomed_no_vlines.png, id=341, 578.16pt x 252.945pt>
File: 70219_Data_Unhomogenized_zoomed_no_vlines.png Graphic file (type png)

<use 70219_Data_Unhomogenized_zoomed_no_vlines.png>
Package pdftex.def Info: 70219_Data_Unhomogenized_zoomed_no_vlines.png used on 
input line 755.
(pdftex.def)             Requested size: 245.71811pt x 107.49826pt.

Overfull \hbox (24.0pt too wide) in paragraph at lines 753--757
 [][] 
 []

<35121_time_series.png, id=342, 505.89pt x 216.81pt>
File: 35121_time_series.png Graphic file (type png)

<use 35121_time_series.png>
Package pdftex.def Info: 35121_time_series.png used on input line 764.
(pdftex.def)             Requested size: 442.2896pt x 189.55609pt.

<35121_simulated_1.png, id=343, 505.89pt x 216.81pt>
File: 35121_simulated_1.png Graphic file (type png)

<use 35121_simulated_1.png>
Package pdftex.def Info: 35121_simulated_1.png used on input line 765.
(pdftex.def)             Requested size: 221.14479pt x 94.77805pt.

<35121_contaminated_1.png, id=344, 505.89pt x 216.81pt>
File: 35121_contaminated_1.png Graphic file (type png)

<use 35121_contaminated_1.png>
Package pdftex.def Info: 35121_contaminated_1.png used on input line 766.
(pdftex.def)             Requested size: 221.14479pt x 94.77805pt.

<35121_simulated_2.png, id=345, 505.89pt x 216.81pt>
File: 35121_simulated_2.png Graphic file (type png)

<use 35121_simulated_2.png>
Package pdftex.def Info: 35121_simulated_2.png used on input line 767.
(pdftex.def)             Requested size: 221.14479pt x 94.77805pt.

<35121_contaminated_2.png, id=346, 505.89pt x 216.81pt>
File: 35121_contaminated_2.png Graphic file (type png)

<use 35121_contaminated_2.png>
Package pdftex.def Info: 35121_contaminated_2.png used on input line 768.
(pdftex.def)             Requested size: 221.14479pt x 94.77805pt.

<35121_simulated_3.png, id=347, 505.89pt x 216.81pt>
File: 35121_simulated_3.png Graphic file (type png)

<use 35121_simulated_3.png>
Package pdftex.def Info: 35121_simulated_3.png used on input line 769.
(pdftex.def)             Requested size: 221.14479pt x 94.77805pt.

<35121_contaminated_3.png, id=348, 505.89pt x 216.81pt>
File: 35121_contaminated_3.png Graphic file (type png)

<use 35121_contaminated_3.png>
Package pdftex.def Info: 35121_contaminated_3.png used on input line 770.
(pdftex.def)             Requested size: 221.14479pt x 94.77805pt.

<Efficiency_Model_Plot_BW_seas_adj.png, id=349, 867.24pt x 433.62pt>
File: Efficiency_Model_Plot_BW_seas_adj.png Graphic file (type png)

<use Efficiency_Model_Plot_BW_seas_adj.png>
Package pdftex.def Info: Efficiency_Model_Plot_BW_seas_adj.png used on input li
ne 777.
(pdftex.def)             Requested size: 491.43622pt x 245.71695pt.


LaTeX Warning: `!h' float specifier changed to `!ht'.

<Efficiency_Model_Plot_BW_seasonal.png, id=350, 867.24pt x 433.62pt>
File: Efficiency_Model_Plot_BW_seasonal.png Graphic file (type png)

<use Efficiency_Model_Plot_BW_seasonal.png>
Package pdftex.def Info: Efficiency_Model_Plot_BW_seasonal.png used on input li
ne 784.
(pdftex.def)             Requested size: 491.43622pt x 245.71695pt.


LaTeX Warning: `!h' float specifier changed to `!ht'.

<TPR_Order_Plot_BW.png, id=351, 867.24pt x 216.81pt>
File: TPR_Order_Plot_BW.png Graphic file (type png)

<use TPR_Order_Plot_BW.png>
Package pdftex.def Info: TPR_Order_Plot_BW.png used on input line 791.
(pdftex.def)             Requested size: 491.43622pt x 122.85847pt.


LaTeX Warning: `!h' float specifier changed to `!ht'.

<FPR_Order_Plot_BW.png, id=352, 867.24pt x 216.81pt>
File: FPR_Order_Plot_BW.png Graphic file (type png)

<use FPR_Order_Plot_BW.png>
Package pdftex.def Info: FPR_Order_Plot_BW.png used on input line 798.
(pdftex.def)             Requested size: 491.43622pt x 122.85847pt.


LaTeX Warning: `!h' float specifier changed to `!ht'.

<Efficiency_Order_Plot_BW.png, id=353, 867.24pt x 216.81pt>
File: Efficiency_Order_Plot_BW.png Graphic file (type png)

<use Efficiency_Order_Plot_BW.png>
Package pdftex.def Info: Efficiency_Order_Plot_BW.png used on input line 806.
(pdftex.def)             Requested size: 491.43622pt x 122.85847pt.


LaTeX Warning: `!h' float specifier changed to `!ht'.

<"70219_Data_Unhomogenized_zoomed".png, id=354, 578.16pt x 252.945pt>
File: "70219_Data_Unhomogenized_zoomed".png Graphic file (type png)

<use "70219_Data_Unhomogenized_zoomed".png>
Package pdftex.def Info: "70219_Data_Unhomogenized_zoomed".png used on input li
ne 814.
(pdftex.def)             Requested size: 442.2896pt x 193.50229pt.

<"70219_Data_Homogenized_zoomed".png, id=355, 578.16pt x 252.945pt>
File: "70219_Data_Homogenized_zoomed".png Graphic file (type png)

<use "70219_Data_Homogenized_zoomed".png>
Package pdftex.def Info: "70219_Data_Homogenized_zoomed".png used on input line
 815.
(pdftex.def)             Requested size: 442.2896pt x 193.50229pt.

<"70219_Data_Homogenized".png, id=356, 578.16pt x 252.945pt>
File: "70219_Data_Homogenized".png Graphic file (type png)

<use "70219_Data_Homogenized".png>
Package pdftex.def Info: "70219_Data_Homogenized".png used on input line 816.
(pdftex.def)             Requested size: 442.2896pt x 193.50229pt.
Package atveryend Info: Empty hook `BeforeClearDocument' on input line 822.
 [27


 <C:/Users/rockc_000/Documents/GitHub/Stan-Norm-Hom-Test/Paper/70219_Data_Unhom
ogenized_no_vlines.png> <C:/Users/rockc_000/Documents/GitHub/Stan-Norm-Hom-Test
/Paper/70219_Data_Unhomogenized_zoomed_no_vlines.png>] [28 <C:/Users/rockc_000/
Documents/GitHub/Stan-Norm-Hom-Test/Paper/35121_time_series.png> <C:/Users/rock
c_000/Documents/GitHub/Stan-Norm-Hom-Test/Paper/35121_simulated_1.png> <C:/User
s/rockc_000/Documents/GitHub/Stan-Norm-Hom-Test/Paper/35121_contaminated_1.png>
 <C:/Users/rockc_000/Documents/GitHub/Stan-Norm-Hom-Test/Paper/35121_simulated_
2.png> <C:/Users/rockc_000/Documents/GitHub/Stan-Norm-Hom-Test/Paper/35121_cont
aminated_2.png> <C:/Users/rockc_000/Documents/GitHub/Stan-Norm-Hom-Test/Paper/3
5121_simulated_3.png> <C:/Users/rockc_000/Documents/GitHub/Stan-Norm-Hom-Test/P
aper/35121_contaminated_3.png>]

LaTeX Warning: Text page 29 contains only floats.

[29 <C:/Users/rockc_000/Documents/GitHub/Stan-Norm-Hom-Test/Paper/Efficiency_Mo
del_Plot_BW_seas_adj.png> <C:/Users/rockc_000/Documents/GitHub/Stan-Norm-Hom-Te
st/Paper/Efficiency_Model_Plot_BW_seasonal.png>] [30 <C:/Users/rockc_000/Docume
nts/GitHub/Stan-Norm-Hom-Test/Paper/TPR_Order_Plot_BW.png> <C:/Users/rockc_000/
Documents/GitHub/Stan-Norm-Hom-Test/Paper/FPR_Order_Plot_BW.png> <C:/Users/rock
c_000/Documents/GitHub/Stan-Norm-Hom-Test/Paper/Efficiency_Order_Plot_BW.png>]
[31 <C:/Users/rockc_000/Documents/GitHub/Stan-Norm-Hom-Test/Paper/70219_Data_Un
homogenized_zoomed.png> <C:/Users/rockc_000/Documents/GitHub/Stan-Norm-Hom-Test
/Paper/70219_Data_Homogenized_zoomed.png> <C:/Users/rockc_000/Documents/GitHub/
Stan-Norm-Hom-Test/Paper/70219_Data_Homogenized.png>]
Package atveryend Info: Empty hook `AfterLastShipout' on input line 822.

(C:\Users\rockc_000\Documents\GitHub\Stan-Norm-Hom-Test\Paper\20150312_QC_Paper
.aux)
Package atveryend Info: Executing hook `AtVeryEndDocument' on input line 822.
Package atveryend Info: Executing hook `AtEndAfterFileList' on input line 822.
Package rerunfilecheck Info: File `20150312_QC_Paper.out' has not changed.
(rerunfilecheck)             Checksum: BDB3D1BA59CD4001FBE70C7E69C07980;778.
Package atveryend Info: Empty hook `AtVeryVeryEnd' on input line 822.
 ) 
Here is how much of TeX's memory you used:
 14843 strings out of 493921
 238806 string characters out of 3147270
 335660 words of memory out of 3000000
 17803 multiletter control sequences out of 15000+200000
 13886 words of font info for 54 fonts, out of 3000000 for 9000
 841 hyphenation exceptions out of 8191
 36i,12n,40p,1899b,484s stack positions out of 5000i,500n,10000p,200000b,50000s
pdfTeX warning (dest): name{Hfootnote.1} has been referenced but does not exi
st, replaced by a fixed one

<C:/Program Files/MiKTeX 2.9/fonts/type1/public/amsfonts/cm/cmbx12.pfb><C:/Prog
ram Files/MiKTeX 2.9/fonts/type1/public/amsfonts/cm/cmex10.pfb><C:/Program File
s/MiKTeX 2.9/fonts/type1/public/amsfonts/cmextra/cmex8.pfb><C:/Program Files/Mi
KTeX 2.9/fonts/type1/public/amsfonts/cm/cmmi12.pfb><C:/Program Files/MiKTeX 2.9
/fonts/type1/public/amsfonts/cm/cmmi6.pfb><C:/Program Files/MiKTeX 2.9/fonts/ty
pe1/public/amsfonts/cm/cmmi8.pfb><C:/Program Files/MiKTeX 2.9/fonts/type1/publi
c/amsfonts/cm/cmr10.pfb><C:/Program Files/MiKTeX 2.9/fonts/type1/public/amsfont
s/cm/cmr12.pfb><C:/Program Files/MiKTeX 2.9/fonts/type1/public/amsfonts/cm/cmr6
.pfb><C:/Program Files/MiKTeX 2.9/fonts/type1/public/amsfonts/cm/cmr7.pfb><C:/P
rogram Files/MiKTeX 2.9/fonts/type1/public/amsfonts/cm/cmr8.pfb><C:/Program Fil
es/MiKTeX 2.9/fonts/type1/public/amsfonts/cm/cmsy10.pfb><C:/Program Files/MiKTe
X 2.9/fonts/type1/public/amsfonts/cm/cmsy6.pfb><C:/Program Files/MiKTeX 2.9/fon
ts/type1/public/amsfonts/cm/cmsy8.pfb><C:/Program Files/MiKTeX 2.9/fonts/type1/
public/amsfonts/cm/cmti12.pfb><C:/Program Files/MiKTeX 2.9/fonts/type1/public/a
msfonts/cm/cmtt12.pfb>
Output written on 20150312_QC_Paper.pdf (32 pages, 880882 bytes).
PDF statistics:
 471 PDF objects out of 1000 (max. 8388607)
 113 named destinations out of 1000 (max. 500000)
 190 words of extra memory for PDF output out of 10000 (max. 10000000)

