This is pdfTeX, Version 3.1415926-2.5-1.40.14 (TeX Live 2013/Debian) (format=pdflatex 2015.1.15)  9 APR 2015 08:19
entering extended mode
 restricted \write18 enabled.
 %&-line parsing enabled.
**20150329_Masters_Paper.tex
(./20150329_Masters_Paper.tex
LaTeX2e <2011/06/27>
Babel <3.9h> and hyphenation patterns for 6 languages loaded.
(/usr/share/texlive/texmf-dist/tex/latex/base/article.cls
Document Class: article 2007/10/19 v1.4h Standard LaTeX document class
(/usr/share/texlive/texmf-dist/tex/latex/base/size12.clo
File: size12.clo 2007/10/19 v1.4h Standard LaTeX file (size option)
)
\c@part=\count79
\c@section=\count80
\c@subsection=\count81
\c@subsubsection=\count82
\c@paragraph=\count83
\c@subparagraph=\count84
\c@figure=\count85
\c@table=\count86
\abovecaptionskip=\skip41
\belowcaptionskip=\skip42
\bibindent=\dimen102
)
(/usr/share/texlive/texmf-dist/tex/latex/graphics/epsfig.sty
Package: epsfig 1999/02/16 v1.7a (e)psfig emulation (SPQR)

(/usr/share/texlive/texmf-dist/tex/latex/graphics/graphicx.sty
Package: graphicx 1999/02/16 v1.0f Enhanced LaTeX Graphics (DPC,SPQR)

(/usr/share/texlive/texmf-dist/tex/latex/graphics/keyval.sty
Package: keyval 1999/03/16 v1.13 key=value parser (DPC)
\KV@toks@=\toks14
)
(/usr/share/texlive/texmf-dist/tex/latex/graphics/graphics.sty
Package: graphics 2009/02/05 v1.0o Standard LaTeX Graphics (DPC,SPQR)

(/usr/share/texlive/texmf-dist/tex/latex/graphics/trig.sty
Package: trig 1999/03/16 v1.09 sin cos tan (DPC)
)
(/usr/share/texlive/texmf-dist/tex/latex/latexconfig/graphics.cfg
File: graphics.cfg 2010/04/23 v1.9 graphics configuration of TeX Live
)
Package graphics Info: Driver file: pdftex.def on input line 91.

(/usr/share/texlive/texmf-dist/tex/latex/pdftex-def/pdftex.def
File: pdftex.def 2011/05/27 v0.06d Graphics/color for pdfTeX

(/usr/share/texlive/texmf-dist/tex/generic/oberdiek/infwarerr.sty
Package: infwarerr 2010/04/08 v1.3 Providing info/warning/error messages (HO)
)
(/usr/share/texlive/texmf-dist/tex/generic/oberdiek/ltxcmds.sty
Package: ltxcmds 2011/11/09 v1.22 LaTeX kernel commands for general use (HO)
)
\Gread@gobject=\count87
))
\Gin@req@height=\dimen103
\Gin@req@width=\dimen104
)
\epsfxsize=\dimen105
\epsfysize=\dimen106
)
(/usr/share/texlive/texmf-dist/tex/generic/epsf/epsf.sty
This is `epsf.tex' v2.7.4 <14 February 2011>
\epsffilein=\read1
\epsfframemargin=\dimen107
\epsfframethickness=\dimen108
\epsfrsize=\dimen109
\epsftmp=\dimen110
\epsftsize=\dimen111
\epsfxsize=\dimen112
\epsfysize=\dimen113
\pspoints=\dimen114
) (/usr/share/texlive/texmf-dist/tex/latex/pstricks/pstricks.sty
Package: pstricks 2013/12/12 v0.60 LaTeX wrapper for `PSTricks' (RN,HV)

(/usr/share/texlive/texmf-dist/tex/generic/oberdiek/ifpdf.sty
Package: ifpdf 2011/01/30 v2.3 Provides the ifpdf switch (HO)
Package ifpdf Info: pdfTeX in PDF mode is detected.
)
(/usr/share/texlive/texmf-dist/tex/generic/pstricks/pstricks.tex
(/usr/share/texlive/texmf-dist/tex/generic/xkeyval/pst-xkey.tex
File: pst-xkey.tex 2005/11/25 v1.6 PSTricks specialization of xkeyval (HA)

(/usr/share/texlive/texmf-dist/tex/latex/xkeyval/xkeyval.sty
Package: xkeyval 2012/10/14 v2.6b package option processing (HA)

(/usr/share/texlive/texmf-dist/tex/generic/xkeyval/xkeyval.tex
\XKV@toks=\toks15
\XKV@tempa@toks=\toks16
\XKV@depth=\count88
File: xkeyval.tex 2012/10/14 v2.6b key=value parser (HA)
)))
(/usr/share/texlive/texmf-dist/tex/generic/pstricks/pst-fp.tex
`pst-fp' v0.05, 2010/01/17 (hv)
\pstFP@xs=\count89
\pstFP@xia=\count90
\pstFP@xib=\count91
\pstFP@xfa=\count92
\pstFP@xfb=\count93
\pstFP@rega=\count94
\pstFP@regb=\count95
\pstFP@regs=\count96
\pstFP@times=\count97
)
(/usr/share/texmf/tex/generic/pgf/utilities/pgfutil-common.tex
\pgfutil@everybye=\toks17
)
(/usr/share/texmf/tex/generic/pgf/utilities/pgfkeys.code.tex
\pgfkeys@pathtoks=\toks18
\pgfkeys@temptoks=\toks19

(/usr/share/texmf/tex/generic/pgf/utilities/pgfkeysfiltered.code.tex
\pgfkeys@tmptoks=\toks20
))
(/usr/share/texmf/tex/generic/pgf/utilities/pgffor.code.tex
\pgffor@iter=\dimen115
\pgffor@skip=\dimen116
\pgffor@stack=\toks21
\pgffor@toks=\toks22
)
\psLoopIndex=\count98

`PSTricks' v2.51  <2014/02/03> (tvz)
\pst@dima=\dimen117
\pst@dimb=\dimen118
\pst@dimc=\dimen119
\pst@dimd=\dimen120
\pst@dimg=\dimen121
\pst@dimh=\dimen122
\pst@dimm=\dimen123
\pst@dimn=\dimen124
\pst@dimo=\dimen125
\pst@dimp=\dimen126
\pst@hbox=\box26
\pst@ibox=\box27
\pst@boxg=\box28
\pst@cnta=\count99
\pst@cntb=\count100
\pst@cntc=\count101
\pst@cntd=\count102
\pst@cntg=\count103
\pst@cnth=\count104
\pst@cntm=\count105
\pst@cntn=\count106
\pst@cnto=\count107
\pst@cntp=\count108
\@zero=\count109
\pst@toks=\toks23
(/usr/share/texlive/texmf-dist/tex/generic/pstricks/pstricks.con)
\psunit=\dimen127
\psxunit=\dimen128
\psyunit=\dimen129
\pst@C@@rType=\count110
\pslinewidth=\dimen130
\psk@startLW=\dimen131
\psk@endLW=\dimen132
\pst@customdefs=\toks24
\pslinearc=\dimen133
\pst@symbolStep=\dimen134
\pst@symbolWidth=\dimen135
\pst@symbolLinewidth=\dimen136
\everypsbox=\toks25
\psframesep=\dimen137
\pslabelsep=\dimen138
\sh@wgridXunit=\dimen139
\sh@wgridYunit=\dimen140
\pst@shift=\dimen141
)
File: pstricks.tex 2014/02/03 v2.51 `PSTricks' (tvz,hv)

(/usr/share/texlive/texmf-dist/tex/generic/pstricks/pst-fp.tex)
File: pst-fp.tex 2014/02/03 v2.51 `PST-fp' (hv)

(/usr/share/texmf/tex/latex/xcolor/xcolor.sty
Package: xcolor 2007/01/21 v2.11 LaTeX color extensions (UK)

(/usr/share/texlive/texmf-dist/tex/latex/latexconfig/color.cfg
File: color.cfg 2007/01/18 v1.5 color configuration of teTeX/TeXLive
)
Package xcolor Info: Driver file: pdftex.def on input line 225.
Package xcolor Info: Model `cmy' substituted by `cmy0' on input line 1337.
Package xcolor Info: Model `hsb' substituted by `rgb' on input line 1341.
Package xcolor Info: Model `RGB' extended on input line 1353.
Package xcolor Info: Model `HTML' substituted by `rgb' on input line 1355.
Package xcolor Info: Model `Hsb' substituted by `hsb' on input line 1356.
Package xcolor Info: Model `tHsb' substituted by `hsb' on input line 1357.
Package xcolor Info: Model `HSB' substituted by `hsb' on input line 1358.
Package xcolor Info: Model `Gray' substituted by `gray' on input line 1359.
Package xcolor Info: Model `wave' substituted by `hsb' on input line 1360.
))
(/usr/share/texlive/texmf-dist/tex/latex/pst-node/pst-node.sty
Package: pst-node 2012/09/18 v1.01 LaTeX wrapper for `pst-node' (HV)
Package: pst-node 2010/04/22 package wrapper for pst-node.tex

(/usr/share/texlive/texmf-dist/tex/generic/pst-node/pst-node.tex
 v1.32, 2014/02/03
\psrow=\count111
\pscol=\count112
\psmatrixcnt=\count113
\psrowsep=\skip43
\pscolsep=\skip44
\pst@args=\count114
\num@pts=\count115
\pst@argcnt=\count116
)
File: pst-node.tex 2014/02/03 1.32 `pst-node' (tvz,hv)
) (/usr/share/texlive/texmf-dist/tex/latex/psfrag/psfrag.sty
Package: psfrag 1998/04/11 v3.04 PSfrag (MCG)
\pfg@pcount=\count117
\pfg@scount=\count118
\pfg@temp=\write3
) (/usr/share/texlive/texmf-dist/tex/latex/amsfonts/amssymb.sty
Package: amssymb 2013/01/14 v3.01 AMS font symbols

(/usr/share/texlive/texmf-dist/tex/latex/amsfonts/amsfonts.sty
Package: amsfonts 2013/01/14 v3.01 Basic AMSFonts support
\@emptytoks=\toks26
\symAMSa=\mathgroup4
\symAMSb=\mathgroup5
LaTeX Font Info:    Overwriting math alphabet `\mathfrak' in version `bold'
(Font)                  U/euf/m/n --> U/euf/b/n on input line 106.
))
(/usr/share/texlive/texmf-dist/tex/latex/amsmath/amsmath.sty
Package: amsmath 2013/01/14 v2.14 AMS math features
\@mathmargin=\skip45

For additional information on amsmath, use the `?' option.
(/usr/share/texlive/texmf-dist/tex/latex/amsmath/amstext.sty
Package: amstext 2000/06/29 v2.01

(/usr/share/texlive/texmf-dist/tex/latex/amsmath/amsgen.sty
File: amsgen.sty 1999/11/30 v2.0
\@emptytoks=\toks27
\ex@=\dimen142
))
(/usr/share/texlive/texmf-dist/tex/latex/amsmath/amsbsy.sty
Package: amsbsy 1999/11/29 v1.2d
\pmbraise@=\dimen143
)
(/usr/share/texlive/texmf-dist/tex/latex/amsmath/amsopn.sty
Package: amsopn 1999/12/14 v2.01 operator names
)
\inf@bad=\count119
LaTeX Info: Redefining \frac on input line 210.
\uproot@=\count120
\leftroot@=\count121
LaTeX Info: Redefining \overline on input line 306.
\classnum@=\count122
\DOTSCASE@=\count123
LaTeX Info: Redefining \ldots on input line 378.
LaTeX Info: Redefining \dots on input line 381.
LaTeX Info: Redefining \cdots on input line 466.
\Mathstrutbox@=\box29
\strutbox@=\box30
\big@size=\dimen144
LaTeX Font Info:    Redeclaring font encoding OML on input line 566.
LaTeX Font Info:    Redeclaring font encoding OMS on input line 567.
\macc@depth=\count124
\c@MaxMatrixCols=\count125
\dotsspace@=\muskip10
\c@parentequation=\count126
\dspbrk@lvl=\count127
\tag@help=\toks28
\row@=\count128
\column@=\count129
\maxfields@=\count130
\andhelp@=\toks29
\eqnshift@=\dimen145
\alignsep@=\dimen146
\tagshift@=\dimen147
\tagwidth@=\dimen148
\totwidth@=\dimen149
\lineht@=\dimen150
\@envbody=\toks30
\multlinegap=\skip46
\multlinetaggap=\skip47
\mathdisplay@stack=\toks31
LaTeX Info: Redefining \[ on input line 2665.
LaTeX Info: Redefining \] on input line 2666.
)
(/usr/share/texlive/texmf-dist/tex/latex/tools/verbatim.sty
Package: verbatim 2003/08/22 v1.5q LaTeX2e package for verbatim enhancements
\every@verbatim=\toks32
\verbatim@line=\toks33
\verbatim@in@stream=\read2
)
(/usr/share/texlive/texmf-dist/tex/latex/tools/enumerate.sty
Package: enumerate 1999/03/05 v3.00 enumerate extensions (DPC)
\@enLab=\toks34
)
(/usr/share/texlive/texmf-dist/tex/latex/rotating/rotating.sty
Package: rotating 2009/03/28 v2.16a rotated objects in LaTeX

(/usr/share/texlive/texmf-dist/tex/latex/base/ifthen.sty
Package: ifthen 2001/05/26 v1.1c Standard LaTeX ifthen package (DPC)
)
\c@r@tfl@t=\count131
\rotFPtop=\skip48
\rotFPbot=\skip49
\rot@float@box=\box31
\rot@mess@toks=\toks35
)
(/usr/share/texlive/texmf-dist/tex/latex/graphics/lscape.sty
Package: lscape 2000/10/22 v3.01 Landscape Pages (DPC)
)
(/usr/share/texlive/texmf-dist/tex/latex/multirow/multirow.sty
\bigstrutjot=\dimen151
)
(/usr/share/texlive/texmf-dist/tex/latex/setspace/setspace.sty
Package: setspace 2011/12/19 v6.7a set line spacing
)
(/usr/share/texlive/texmf-dist/tex/latex/natbib/natbib.sty
Package: natbib 2010/09/13 8.31b (PWD, AO)
\bibhang=\skip50
\bibsep=\skip51
LaTeX Info: Redefining \cite on input line 694.
\c@NAT@ctr=\count132
) (./csm-thesis.sty
Package: csm-thesis 2011/11/12 v1.0 .dtx csm-thesis file

(./csm-thesis-sanity.sty) (./csm-thesis-environments.sty
\c@csm@abstract@words=\count133
\c@csm@longtable@pages=\count134
\c@csm@longtable@startpage=\count135
\c@csm@last@longtable@count=\count136
\temp@output@box=\box32
\csm@temp@header=\box33
\c@csm@sideways@depth=\count137
)
(./csm-thesis-title.sty
(/usr/share/texlive/texmf-dist/tex/latex/textcase/textcase.sty
Package: textcase 2004/10/07 v0.07 Text only upper/lower case changing (DPC)
)
\temp@box=\box34
\temp@trapezoid@box=\box35
\best@trapezoid@box=\box36
\last@trapezoid@box=\box37
\c@trap@push@temp=\count138
\temp@trapezoid@text=\toks36
\@tempwidth=\dimen152
\trapezoid@width@value=\dimen153
\trapezoid@new@width=\dimen154
\temp@line@width=\dimen155
\temp@line@height=\dimen156
\test@line@width=\dimen157
\c@trap@push@lineone=\count139
\c@titlewidth@lines=\count140
\c@titlewidth@cnt=\count141
\@titlewidth@max=\skip52
\@titlewidth@diff=\skip53
\@titlewidth@flex=\skip54
\@titlewidth=\skip55
\temp@pdftitle@text=\toks37
)
(./csm-thesis-lists.sty
\c@csm@list@i=\count142
\c@csm@list@j=\count143
\c@csm@list@k=\count144
\c@csm@list@length=\count145
\c@csm@list@strlen=\count146
\c@csm@list@strlenA=\count147
\c@csm@list@strlenB=\count148
\c@csm@list@findchar=\count149
\c@csm@list@findchar@i=\count150
\c@csm@list@char@A=\count151
\c@csm@list@char@B=\count152
\c@csm@list@char@temp=\count153
\c@csm@list@tempA=\count154
\c@csm@list@tempB=\count155
\temp@stripspace@text=\toks38
\c@csm@tocentry@count=\count156
\c@csm@num@tables=\count157
\c@csm@num@figures=\count158
\csm@temp@list@boxA=\box38
\csm@temp@list@boxB=\box39
\l@chapter@indent=\skip56
\l@appendix@indent=\skip57
\csm@contentsline@findkeylength@boxA=\box40
\csm@contentsline@findkeylength@boxB=\box41
\csm@contentsline@findkeylength@length=\skip58
) (./csm-thesis-sections.sty
\c@csmsectionline=\count159
\csm@temp@box=\box42
\c@appendix=\count160
\c@csm@redefined@appendix=\count161
\csm@redefined@appendix@saved=\count162
)
\c@csmpage=\count163
\c@truepage=\count164
\c@emptypage=\count165

(/usr/share/texlive/texmf-dist/tex/latex/geometry/geometry.sty
Package: geometry 2010/09/12 v5.6 Page Geometry

(/usr/share/texlive/texmf-dist/tex/generic/oberdiek/ifvtex.sty
Package: ifvtex 2010/03/01 v1.5 Detect VTeX and its facilities (HO)
Package ifvtex Info: VTeX not detected.
)
(/usr/share/texlive/texmf-dist/tex/generic/ifxetex/ifxetex.sty
Package: ifxetex 2010/09/12 v0.6 Provides ifxetex conditional
)
\Gm@cnth=\count166
\Gm@cntv=\count167
\c@Gm@tempcnt=\count168
\Gm@bindingoffset=\dimen158
\Gm@wd@mp=\dimen159
\Gm@odd@mp=\dimen160
\Gm@even@mp=\dimen161
\Gm@layoutwidth=\dimen162
\Gm@layoutheight=\dimen163
\Gm@layouthoffset=\dimen164
\Gm@layoutvoffset=\dimen165
\Gm@dimlist=\toks39
)
\csm@titletext=\box43
\csm@saved@contents=\toks40
\c@csm@figure@heredefinitely=\count169

(/usr/share/texlive/texmf-dist/tex/latex/float/float.sty
Package: float 2001/11/08 v1.3d Float enhancements (AL)
\c@float@type=\count170
\float@exts=\toks41
\float@box=\box44
\@float@everytoks=\toks42
\@floatcapt=\box45
)
\csm@table@indent=\skip59
\c@csm@label@j=\count171
\c@csm@label@k=\count172
\c@csm@label@count=\count173

(/usr/share/texlive/texmf-dist/tex/latex/footmisc/footmisc.sty
Package: footmisc 2011/06/06 v5.5b a miscellany of footnote facilities
\FN@temptoken=\toks43
\footnotemargin=\dimen166
\c@pp@next@reset=\count174
Package footmisc Info: Declaring symbol style bringhurst on input line 855.
Package footmisc Info: Declaring symbol style chicago on input line 863.
Package footmisc Info: Declaring symbol style wiley on input line 872.
Package footmisc Info: Declaring symbol style lamport-robust on input line 883.

Package footmisc Info: Declaring symbol style lamport* on input line 903.
Package footmisc Info: Declaring symbol style lamport*-robust on input line 924
.
)
\c@csm@symbol@symbolnote=\count175
\c@csm@symbol@numberednote=\count176

(./csm-thesis-compat.sty
\c@csm@multibib@job=\count177
) (/usr/share/texlive/texmf-dist/tex/latex/url/url.sty
\Urlmuskip=\muskip11
Package: url 2013/09/16  ver 3.4  Verb mode for urls, etc.
) (./csm-thesis-encoding.sty
\c@csm@encoding@count=\count178
))
\c@Th=\count179
\c@Proof=\count180
\c@Mth=\count181
\c@Def=\count182
\c@Rem=\count183
\c@Qes=\count184
\c@proposition=\count185
\c@Lem=\count186
\c@Cor=\count187
\c@Exa=\count188
\c@Eq=\count189
\c@lemm=\count190
\c@thm=\count191
\c@cor=\count192
\c@defi=\count193
\c@prop=\count194
\c@example=\count195

(/usr/share/texlive/texmf-dist/tex/latex/oberdiek/pdflscape.sty
Package: pdflscape 2008/08/11 v0.10 Display of landscape pages in PDF (HO)
Package pdflscape Info: Auto-detected driver: pdftex on input line 80.
)
(/usr/share/texlive/texmf-dist/tex/latex/subfig/subfig.sty
Package: subfig 2005/06/28 ver: 1.3 subfig package

(/usr/share/texlive/texmf-dist/tex/latex/caption/caption.sty
Package: caption 2013/05/02 v3.3-89 Customizing captions (AR)

(/usr/share/texlive/texmf-dist/tex/latex/caption/caption3.sty
Package: caption3 2013/05/02 v1.6-88 caption3 kernel (AR)
Package caption3 Info: TeX engine: e-TeX on input line 57.
\captionmargin=\dimen167
\captionmargin@=\dimen168
\captionwidth=\dimen169
\caption@tempdima=\dimen170
\caption@indent=\dimen171
\caption@parindent=\dimen172
\caption@hangindent=\dimen173
)
\c@ContinuedFloat=\count196
Package caption Info: float package is loaded.
Package caption Info: rotating package is loaded.
)
\c@KVtest=\count197
\sf@farskip=\skip60
\sf@captopadj=\dimen174
\sf@capskip=\skip61
\sf@nearskip=\skip62
\c@subfigure=\count198
\c@subfigure@save=\count199
\c@lofdepth=\count200
\c@subtable=\count201
\c@subtable@save=\count202
\c@lotdepth=\count203
\sf@top=\skip63
\sf@bottom=\skip64
)
(./20150329_Masters_Paper.aux
\csm@redefined@appendix@saved=\count204
\csm@appendicies=\count205
)
\openout1 = `20150329_Masters_Paper.aux'.

LaTeX Font Info:    Checking defaults for OML/cmm/m/it on input line 304.
LaTeX Font Info:    ... okay on input line 304.
LaTeX Font Info:    Checking defaults for T1/cmr/m/n on input line 304.
LaTeX Font Info:    ... okay on input line 304.
LaTeX Font Info:    Checking defaults for OT1/cmr/m/n on input line 304.
LaTeX Font Info:    ... okay on input line 304.
LaTeX Font Info:    Checking defaults for OMS/cmsy/m/n on input line 304.
LaTeX Font Info:    ... okay on input line 304.
LaTeX Font Info:    Checking defaults for OMX/cmex/m/n on input line 304.
LaTeX Font Info:    ... okay on input line 304.
LaTeX Font Info:    Checking defaults for U/cmr/m/n on input line 304.
LaTeX Font Info:    ... okay on input line 304.

(/usr/share/texlive/texmf-dist/tex/context/base/supp-pdf.mkii
[Loading MPS to PDF converter (version 2006.09.02).]
\scratchcounter=\count206
\scratchdimen=\dimen175
\scratchbox=\box46
\nofMPsegments=\count207
\nofMParguments=\count208
\everyMPshowfont=\toks44
\MPscratchCnt=\count209
\MPscratchDim=\dimen176
\MPnumerator=\count210
\makeMPintoPDFobject=\count211
\everyMPtoPDFconversion=\toks45
) (/usr/share/texlive/texmf-dist/tex/generic/oberdiek/pdftexcmds.sty
Package: pdftexcmds 2011/11/29 v0.20 Utility functions of pdfTeX for LuaTeX (HO
)

(/usr/share/texlive/texmf-dist/tex/generic/oberdiek/ifluatex.sty
Package: ifluatex 2010/03/01 v1.3 Provides the ifluatex switch (HO)
Package ifluatex Info: LuaTeX not detected.
)
Package pdftexcmds Info: LuaTeX not detected.
Package pdftexcmds Info: \pdf@primitive is available.
Package pdftexcmds Info: \pdf@ifprimitive is available.
Package pdftexcmds Info: \pdfdraftmode found.
)
(/usr/share/texlive/texmf-dist/tex/latex/oberdiek/epstopdf-base.sty
Package: epstopdf-base 2010/02/09 v2.5 Base part for package epstopdf

(/usr/share/texlive/texmf-dist/tex/latex/oberdiek/grfext.sty
Package: grfext 2010/08/19 v1.1 Manage graphics extensions (HO)

(/usr/share/texlive/texmf-dist/tex/generic/oberdiek/kvdefinekeys.sty
Package: kvdefinekeys 2011/04/07 v1.3 Define keys (HO)
))
(/usr/share/texlive/texmf-dist/tex/latex/oberdiek/kvoptions.sty
Package: kvoptions 2011/06/30 v3.11 Key value format for package options (HO)

(/usr/share/texlive/texmf-dist/tex/generic/oberdiek/kvsetkeys.sty
Package: kvsetkeys 2012/04/25 v1.16 Key value parser (HO)

(/usr/share/texlive/texmf-dist/tex/generic/oberdiek/etexcmds.sty
Package: etexcmds 2011/02/16 v1.5 Avoid name clashes with e-TeX commands (HO)
Package etexcmds Info: Could not find \expanded.
(etexcmds)             That can mean that you are not using pdfTeX 1.50 or
(etexcmds)             that some package has redefined \expanded.
(etexcmds)             In the latter case, load this package earlier.
)))
Package grfext Info: Graphics extension search list:
(grfext)             [.png,.pdf,.jpg,.mps,.jpeg,.jbig2,.jb2,.PNG,.PDF,.JPG,.JPE
G,.JBIG2,.JB2,.eps]
(grfext)             \AppendGraphicsExtensions on input line 452.

(/usr/share/texlive/texmf-dist/tex/latex/latexconfig/epstopdf-sys.cfg
File: epstopdf-sys.cfg 2010/07/13 v1.3 Configuration of (r)epstopdf for TeX Liv
e
))
(./20150329_Masters_Paper.lot) (./20150329_Masters_Paper.lof)
*geometry* driver: auto-detecting
*geometry* detected driver: pdftex
*geometry* verbose mode - [ preamble ] result:
* driver: pdftex
* paper: <default>
* layout: <same size as paper>
* layoutoffset:(h,v)=(0.0pt,0.0pt)
* modes: 
* h-part:(L,W,R)=(72.26999pt, 469.75502pt, 72.26999pt)
* v-part:(T,H,B)=(72.26999pt, 650.43001pt, 72.26999pt)
* \paperwidth=614.295pt
* \paperheight=794.96999pt
* \textwidth=469.75502pt
* \textheight=650.43001pt
* \oddsidemargin=0.0pt
* \evensidemargin=0.0pt
* \topmargin=0.0pt
* \headheight=0.0pt
* \headsep=0.0pt
* \topskip=12.0pt
* \footskip=36.135pt
* \marginparwidth=44.0pt
* \marginparsep=10.0pt
* \columnsep=10.0pt
* \skip\footins=10.8pt plus 4.0pt minus 2.0pt
* \hoffset=0.0pt
* \voffset=0.0pt
* \mag=1000
* \@twocolumnfalse
* \@twosidefalse
* \@mparswitchfalse
* \@reversemarginfalse
* (1in=72.27pt=25.4mm, 1cm=28.453pt)

Package caption Info: Begin \AtBeginDocument code.
Package caption Info: subfig package v1.3 is loaded.
Package caption Info: End \AtBeginDocument code.
[1
Non-PDF special ignored!
Non-PDF special ignored!
Non-PDF special ignored!
Non-PDF special ignored!
Non-PDF special ignored!
Non-PDF special ignored!


Non-PDF special ignored!
Non-PDF special ignored!
Non-PDF special ignored!
Non-PDF special ignored!{/var/lib/texmf/fonts/map/pdftex/updmap/pdftex.map}]
LaTeX Font Info:    Try loading font information for OMS+cmr on input line 337.


(/usr/share/texlive/texmf-dist/tex/latex/base/omscmr.fd
File: omscmr.fd 1999/05/25 v2.5h Standard LaTeX font definitions
)
LaTeX Font Info:    Font shape `OMS/cmr/bx/n' in size <12> not available
(Font)              Font shape `OMS/cmsy/b/n' tried instead on input line 337.
 [2] [2] [3]
(./20150329_Masters_Paper.toc
LaTeX Font Info:    Try loading font information for U+msa on input line 1.

(/usr/share/texlive/texmf-dist/tex/latex/amsfonts/umsa.fd
File: umsa.fd 2013/01/14 v3.01 AMS symbols A
)
LaTeX Font Info:    Try loading font information for U+msb on input line 1.

(/usr/share/texlive/texmf-dist/tex/latex/amsfonts/umsb.fd
File: umsb.fd 2013/01/14 v3.01 AMS symbols B
))
\tf@toc=\write4
\openout4 = `20150329_Masters_Paper.toc'.

 [4]
(./20150329_Masters_Paper.lof)
\tf@lof=\write5
\openout5 = `20150329_Masters_Paper.lof'.

 [5] [6] (./20150329_Masters_Paper.lot)
\tf@lot=\write6
\openout6 = `20150329_Masters_Paper.lot'.

 [7]
[1

] [2]
<70219_Data_Unhomogenized_zoomed_no_vlines.png, id=40, 578.16pt x 252.945pt>
File: 70219_Data_Unhomogenized_zoomed_no_vlines.png Graphic file (type png)

<use 70219_Data_Unhomogenized_zoomed_no_vlines.png>
Package pdftex.def Info: 70219_Data_Unhomogenized_zoomed_no_vlines.png used on 
input line 475.
(pdftex.def)             Requested size: 469.75502pt x 205.5173pt.

<70219_Data_Unhomogenized_no_vlines.png, id=41, 578.16pt x 252.945pt>
File: 70219_Data_Unhomogenized_no_vlines.png Graphic file (type png)

<use 70219_Data_Unhomogenized_no_vlines.png>
Package pdftex.def Info: 70219_Data_Unhomogenized_no_vlines.png used on input l
ine 478.
(pdftex.def)             Requested size: 469.75502pt x 205.5173pt.


LaTeX Warning: `!h' float specifier changed to `!ht'.

[3] [4 <./70219_Data_Unhomogenized_zoomed_no_vlines.png> <./70219_Data_Unhomoge
nized_no_vlines.png>] [5

] [6] [7]
<35121_time_series.png, id=67, 505.89pt x 216.81pt>
File: 35121_time_series.png Graphic file (type png)

<use 35121_time_series.png>
Package pdftex.def Info: 35121_time_series.png used on input line 535.
(pdftex.def)             Requested size: 422.77664pt x 181.19284pt.

<35121_simulated_1.png, id=68, 505.89pt x 216.81pt>
File: 35121_simulated_1.png Graphic file (type png)

<use 35121_simulated_1.png>
Package pdftex.def Info: 35121_simulated_1.png used on input line 536.
(pdftex.def)             Requested size: 211.38832pt x 90.59642pt.

<35121_contaminated_1.png, id=69, 505.89pt x 216.81pt>
File: 35121_contaminated_1.png Graphic file (type png)

<use 35121_contaminated_1.png>
Package pdftex.def Info: 35121_contaminated_1.png used on input line 537.
(pdftex.def)             Requested size: 211.38832pt x 90.59642pt.

<35121_simulated_2.png, id=70, 505.89pt x 216.81pt>
File: 35121_simulated_2.png Graphic file (type png)

<use 35121_simulated_2.png>
Package pdftex.def Info: 35121_simulated_2.png used on input line 538.
(pdftex.def)             Requested size: 211.38832pt x 90.59642pt.

<35121_contaminated_2.png, id=71, 505.89pt x 216.81pt>
File: 35121_contaminated_2.png Graphic file (type png)

<use 35121_contaminated_2.png>
Package pdftex.def Info: 35121_contaminated_2.png used on input line 539.
(pdftex.def)             Requested size: 211.38832pt x 90.59642pt.
 [8] [9 <./35121_time_series.png> <./35121_simulated_1.png> <./35121_contaminat
ed_1.png> <./35121_simulated_2.png> <./35121_contaminated_2.png>] [10

] [11] [12] [13] [14]
LaTeX Font Info:    Font shape `OMS/cmr/m/n' in size <12> not available
(Font)              Font shape `OMS/cmsy/m/n' tried instead on input line 631.
 [15] [16] [17] [18] [19

]
<Efficiency_Model_Plot_BW_seas_adj.png, id=118, 867.24pt x 433.62pt>
File: Efficiency_Model_Plot_BW_seas_adj.png Graphic file (type png)

<use Efficiency_Model_Plot_BW_seas_adj.png>
Package pdftex.def Info: Efficiency_Model_Plot_BW_seas_adj.png used on input li
ne 714.
(pdftex.def)             Requested size: 469.75502pt x 234.87912pt.

<Efficiency_Model_Plot_BW_seasonal.png, id=119, 867.24pt x 433.62pt>
File: Efficiency_Model_Plot_BW_seasonal.png Graphic file (type png)

<use Efficiency_Model_Plot_BW_seasonal.png>
Package pdftex.def Info: Efficiency_Model_Plot_BW_seasonal.png used on input li
ne 721.
(pdftex.def)             Requested size: 469.75502pt x 234.87912pt.


LaTeX Warning: `!h' float specifier changed to `!ht'.

[20

 <./Efficiency_Model_Plot_BW_seas_adj.png>] [21 <./Efficiency_Model_Plot_BW_sea
sonal.png>] [22

] [23]
Overfull \hbox (49.36136pt too wide) in paragraph at lines 772--786
 [][] 
 []

[24] [25] [26

] [27


] [28


] <TPR_Order_Plot_BW.png, id=150, 867.24pt x 216.81pt>
File: TPR_Order_Plot_BW.png Graphic file (type png)

<use TPR_Order_Plot_BW.png>
Package pdftex.def Info: TPR_Order_Plot_BW.png used on input line 886.
(pdftex.def)             Requested size: 469.75502pt x 117.43956pt.

<FPR_Order_Plot_BW.png, id=151, 867.24pt x 216.81pt>
File: FPR_Order_Plot_BW.png Graphic file (type png)

<use FPR_Order_Plot_BW.png>
Package pdftex.def Info: FPR_Order_Plot_BW.png used on input line 893.
(pdftex.def)             Requested size: 469.75502pt x 117.43956pt.

<Efficiency_Order_Plot_BW.png, id=152, 867.24pt x 216.81pt>
File: Efficiency_Order_Plot_BW.png Graphic file (type png)

<use Efficiency_Order_Plot_BW.png>
Package pdftex.def Info: Efficiency_Order_Plot_BW.png used on input line 901.
(pdftex.def)             Requested size: 469.75502pt x 117.43956pt.


LaTeX Warning: `!h' float specifier changed to `!ht'.

[29

 <./TPR_Order_Plot_BW.png> <./FPR_Order_Plot_BW.png>] [30 <./Efficiency_Order_P
lot_BW.png>]
<"70219_Data_Unhomogenized_zoomed".png, id=163, 578.16pt x 252.945pt>
File: "70219_Data_Unhomogenized_zoomed".png Graphic file (type png)

<use "70219_Data_Unhomogenized_zoomed".png>
Package pdftex.def Info: "70219_Data_Unhomogenized_zoomed".png used on input li
ne 914.
(pdftex.def)             Requested size: 422.77664pt x 184.9648pt.

<"70219_Data_Homogenized_zoomed".png, id=164, 578.16pt x 252.945pt>
File: "70219_Data_Homogenized_zoomed".png Graphic file (type png)

<use "70219_Data_Homogenized_zoomed".png>
Package pdftex.def Info: "70219_Data_Homogenized_zoomed".png used on input line
 915.
(pdftex.def)             Requested size: 422.77664pt x 184.9648pt.

<"70219_Data_Homogenized".png, id=165, 578.16pt x 252.945pt>
File: "70219_Data_Homogenized".png Graphic file (type png)

<use "70219_Data_Homogenized".png>
Package pdftex.def Info: "70219_Data_Homogenized".png used on input line 916.
(pdftex.def)             Requested size: 422.77664pt x 184.9648pt.


LaTeX Warning: Float too large for page by 3.46437pt on input line 919.

[31

] [32 <./70219_Data_Unhomogenized_zoomed.png> <./70219_Data_Homogenized_zoomed.
png> <./70219_Data_Homogenized.png>] [33

]

LaTeX Warning: The bibliography style is already defined by the template on inp
ut line 934.

[34] (./20150329_Masters_Paper.bbl [35

] [36]) [37]

LaTeX Warning: It is recommended that you include the 'acknowledgments' section
 (environment).

(./20150329_Masters_Paper.aux
\csm@redefined@appendix@saved=\count212
\csm@appendicies=\count213
) ) 
Here is how much of TeX's memory you used:
 9679 strings out of 494952
 144757 string characters out of 6179835
 254984 words of memory out of 5000000
 12674 multiletter control sequences out of 15000+600000
 12610 words of font info for 49 fonts, out of 8000000 for 9000
 59 hyphenation exceptions out of 8191
 65i,9n,122p,1890b,559s stack positions out of 5000i,500n,10000p,200000b,80000s
</usr/share/texlive/texmf-dist/fonts/type1/public/amsfonts/cm/cmbsy10.pfb></
usr/share/texlive/texmf-dist/fonts/type1/public/amsfonts/cm/cmbx10.pfb></usr/sh
are/texlive/texmf-dist/fonts/type1/public/amsfonts/cm/cmbx12.pfb></usr/share/te
xlive/texmf-dist/fonts/type1/public/amsfonts/cm/cmex10.pfb></usr/share/texlive/
texmf-dist/fonts/type1/public/amsfonts/cm/cmmi12.pfb></usr/share/texlive/texmf-
dist/fonts/type1/public/amsfonts/cm/cmmi6.pfb></usr/share/texlive/texmf-dist/fo
nts/type1/public/amsfonts/cm/cmmi8.pfb></usr/share/texlive/texmf-dist/fonts/typ
e1/public/amsfonts/cm/cmr10.pfb></usr/share/texlive/texmf-dist/fonts/type1/publ
ic/amsfonts/cm/cmr12.pfb></usr/share/texlive/texmf-dist/fonts/type1/public/amsf
onts/cm/cmr6.pfb></usr/share/texlive/texmf-dist/fonts/type1/public/amsfonts/cm/
cmr8.pfb></usr/share/texlive/texmf-dist/fonts/type1/public/amsfonts/cm/cmsy10.p
fb></usr/share/texlive/texmf-dist/fonts/type1/public/amsfonts/cm/cmsy6.pfb></us
r/share/texlive/texmf-dist/fonts/type1/public/amsfonts/cm/cmsy8.pfb></usr/share
/texlive/texmf-dist/fonts/type1/public/amsfonts/cm/cmti12.pfb></usr/share/texli
ve/texmf-dist/fonts/type1/public/amsfonts/cm/cmtt12.pfb>
Output written on 20150329_Masters_Paper.pdf (45 pages, 794086 bytes).
PDF statistics:
 245 PDF objects out of 1000 (max. 8388607)
 150 compressed objects within 2 object streams
 0 named destinations out of 1000 (max. 500000)
 76 words of extra memory for PDF output out of 10000 (max. 10000000)

