This is pdfTeX, Version 3.14159265-2.6-1.40.15 (TeX Live 2014) (preloaded format=pdflatex 2014.5.25)  3 NOV 2014 13:58
entering extended mode
 \write18 enabled.
 file:line:error style messages enabled.
 %&-line parsing enabled.
**QC_paper_template.tex
(./QC_paper_template.tex
LaTeX2e <2014/05/01>
Babel <3.9k> and hyphenation patterns for 78 languages loaded.

LaTeX Warning: File `example.eps' already exists on the system.
               Not generating it from this source.

(/usr/local/texlive/2014/texmf-dist/tex/latex/base/fix-cm.sty
Package: fix-cm 2014/05/13 v1.1q fixes to LaTeX

(/usr/local/texlive/2014/texmf-dist/tex/latex/base/ts1enc.def
File: ts1enc.def 2001/06/05 v3.0e (jk/car/fm) Standard LaTeX file
)) (./svjour3.cls
Document Class: svjour3 2007/05/08 v3.2 
LaTeX document class for Springer journals
Class Springer-SVJour3 Info: extra/valid Springer sub-package (-> *.clo) 
(Springer-SVJour3)           not found in option list of \documentclass
(Springer-SVJour3)           - autoactivating "global" style.
(./svglov3.clo
File: svglov3.clo 2009/12/18 v3.2 style option for standardised journals

SVJour Class option: svglov3.clo for standardised journals
)
LaTeX Font Info:    Redeclaring math symbol \Gamma on input line 147.
LaTeX Font Info:    Redeclaring math symbol \Delta on input line 148.
LaTeX Font Info:    Redeclaring math symbol \Theta on input line 149.
LaTeX Font Info:    Redeclaring math symbol \Lambda on input line 150.
LaTeX Font Info:    Redeclaring math symbol \Xi on input line 151.
LaTeX Font Info:    Redeclaring math symbol \Pi on input line 152.
LaTeX Font Info:    Redeclaring math symbol \Sigma on input line 153.
LaTeX Font Info:    Redeclaring math symbol \Upsilon on input line 154.
LaTeX Font Info:    Redeclaring math symbol \Phi on input line 155.
LaTeX Font Info:    Redeclaring math symbol \Psi on input line 156.
LaTeX Font Info:    Redeclaring math symbol \Omega on input line 157.
\logodepth=\dimen102
\headerboxheight=\dimen103
\betweenumberspace=\dimen104
\aftertext=\dimen105
\headlineindent=\dimen106
\c@inst=\count79
\c@auth=\count80
\instindent=\dimen107
\authrun=\box26
\authorrunning=\toks14
\titrun=\box27
\titlerunning=\toks15
\combirun=\box28
\c@lastpage=\count81
\rubricwidth=\dimen108
\c@section=\count82
\c@subsection=\count83
\c@subsubsection=\count84
\c@paragraph=\count85
\c@subparagraph=\count86
\spthmsep=\dimen109
\c@theorem=\count87
\c@case=\count88
\c@conjecture=\count89
\c@corollary=\count90
\c@definition=\count91
\c@example=\count92
\c@exercise=\count93
\c@lemma=\count94
\c@note=\count95
\c@problem=\count96
\c@property=\count97
\c@proposition=\count98
\c@question=\count99
\c@solution=\count100
\c@remark=\count101
\c@figure=\count102
\c@table=\count103
\abovecaptionskip=\skip41
\belowcaptionskip=\skip42
\figcapgap=\dimen110
\tabcapgap=\dimen111
\figgap=\dimen112
\bibindent=\dimen113
\@tempcntc=\count104
) (/usr/local/texlive/2014/texmf-dist/tex/latex/graphics/graphicx.sty
Package: graphicx 2014/04/25 v1.0g Enhanced LaTeX Graphics (DPC,SPQR)

(/usr/local/texlive/2014/texmf-dist/tex/latex/graphics/keyval.sty
Package: keyval 2014/05/08 v1.15 key=value parser (DPC)
\KV@toks@=\toks16
)
(/usr/local/texlive/2014/texmf-dist/tex/latex/graphics/graphics.sty
Package: graphics 2009/02/05 v1.0o Standard LaTeX Graphics (DPC,SPQR)

(/usr/local/texlive/2014/texmf-dist/tex/latex/graphics/trig.sty
Package: trig 1999/03/16 v1.09 sin cos tan (DPC)
)
(/usr/local/texlive/2014/texmf-dist/tex/latex/latexconfig/graphics.cfg
File: graphics.cfg 2010/04/23 v1.9 graphics configuration of TeX Live
)
Package graphics Info: Driver file: pdftex.def on input line 91.

(/usr/local/texlive/2014/texmf-dist/tex/latex/pdftex-def/pdftex.def
File: pdftex.def 2011/05/27 v0.06d Graphics/color for pdfTeX

(/usr/local/texlive/2014/texmf-dist/tex/generic/oberdiek/infwarerr.sty
Package: infwarerr 2010/04/08 v1.3 Providing info/warning/error messages (HO)
)
(/usr/local/texlive/2014/texmf-dist/tex/generic/oberdiek/ltxcmds.sty
Package: ltxcmds 2011/11/09 v1.22 LaTeX kernel commands for general use (HO)
)
\Gread@gobject=\count105
))
\Gin@req@height=\dimen114
\Gin@req@width=\dimen115
)
(./QC_paper_template.aux)
\openout1 = `QC_paper_template.aux'.

LaTeX Font Info:    Checking defaults for OML/cmm/m/it on input line 354.
LaTeX Font Info:    ... okay on input line 354.
LaTeX Font Info:    Checking defaults for T1/cmr/m/n on input line 354.
LaTeX Font Info:    ... okay on input line 354.
LaTeX Font Info:    Checking defaults for OT1/cmr/m/n on input line 354.
LaTeX Font Info:    ... okay on input line 354.
LaTeX Font Info:    Checking defaults for OMS/cmsy/m/n on input line 354.
LaTeX Font Info:    ... okay on input line 354.
LaTeX Font Info:    Checking defaults for OMX/cmex/m/n on input line 354.
LaTeX Font Info:    ... okay on input line 354.
LaTeX Font Info:    Checking defaults for U/cmr/m/n on input line 354.
LaTeX Font Info:    ... okay on input line 354.
LaTeX Font Info:    Checking defaults for TS1/cmr/m/n on input line 354.
LaTeX Font Info:    ... okay on input line 354.

Unknown journal: specify \journalname{<name of your journal>} in preambel

(/usr/local/texlive/2014/texmf-dist/tex/context/base/supp-pdf.mkii
[Loading MPS to PDF converter (version 2006.09.02).]
\scratchcounter=\count106
\scratchdimen=\dimen116
\scratchbox=\box29
\nofMPsegments=\count107
\nofMParguments=\count108
\everyMPshowfont=\toks17
\MPscratchCnt=\count109
\MPscratchDim=\dimen117
\MPnumerator=\count110
\makeMPintoPDFobject=\count111
\everyMPtoPDFconversion=\toks18
) (/usr/local/texlive/2014/texmf-dist/tex/generic/oberdiek/pdftexcmds.sty
Package: pdftexcmds 2011/11/29 v0.20 Utility functions of pdfTeX for LuaTeX (HO
)

(/usr/local/texlive/2014/texmf-dist/tex/generic/oberdiek/ifluatex.sty
Package: ifluatex 2010/03/01 v1.3 Provides the ifluatex switch (HO)
Package ifluatex Info: LuaTeX not detected.
)
(/usr/local/texlive/2014/texmf-dist/tex/generic/oberdiek/ifpdf.sty
Package: ifpdf 2011/01/30 v2.3 Provides the ifpdf switch (HO)
Package ifpdf Info: pdfTeX in PDF mode is detected.
)
Package pdftexcmds Info: LuaTeX not detected.
Package pdftexcmds Info: \pdf@primitive is available.
Package pdftexcmds Info: \pdf@ifprimitive is available.
Package pdftexcmds Info: \pdfdraftmode found.
)
(/usr/local/texlive/2014/texmf-dist/tex/latex/oberdiek/epstopdf-base.sty
Package: epstopdf-base 2010/02/09 v2.5 Base part for package epstopdf

(/usr/local/texlive/2014/texmf-dist/tex/latex/oberdiek/grfext.sty
Package: grfext 2010/08/19 v1.1 Manage graphics extensions (HO)

(/usr/local/texlive/2014/texmf-dist/tex/generic/oberdiek/kvdefinekeys.sty
Package: kvdefinekeys 2011/04/07 v1.3 Define keys (HO)
))
(/usr/local/texlive/2014/texmf-dist/tex/latex/oberdiek/kvoptions.sty
Package: kvoptions 2011/06/30 v3.11 Key value format for package options (HO)

(/usr/local/texlive/2014/texmf-dist/tex/generic/oberdiek/kvsetkeys.sty
Package: kvsetkeys 2012/04/25 v1.16 Key value parser (HO)

(/usr/local/texlive/2014/texmf-dist/tex/generic/oberdiek/etexcmds.sty
Package: etexcmds 2011/02/16 v1.5 Avoid name clashes with e-TeX commands (HO)
Package etexcmds Info: Could not find \expanded.
(etexcmds)             That can mean that you are not using pdfTeX 1.50 or
(etexcmds)             that some package has redefined \expanded.
(etexcmds)             In the latter case, load this package earlier.
)))
Package grfext Info: Graphics extension search list:
(grfext)             [.png,.pdf,.jpg,.mps,.jpeg,.jbig2,.jb2,.PNG,.PDF,.JPG,.JPE
G,.JBIG2,.JB2,.eps]
(grfext)             \AppendGraphicsExtensions on input line 452.

(/usr/local/texlive/2014/texmf-dist/tex/latex/latexconfig/epstopdf-sys.cfg
File: epstopdf-sys.cfg 2010/07/13 v1.3 Configuration of (r)epstopdf for TeX Liv
e
))
SVJour3 warning: Missing \journalname
LaTeX Font Info:    External font `cmex10' loaded for size
(Font)              <7> on input line 385.
LaTeX Font Info:    External font `cmex10' loaded for size
(Font)              <5> on input line 385.
LaTeX Font Info:    External font `cmex10' loaded for size
(Font)              <8> on input line 385.
LaTeX Font Info:    External font `cmex10' loaded for size
(Font)              <6> on input line 385.

LaTeX Warning: Citation `rennie14' on page 1 undefined on input line 401.


LaTeX Warning: Citation `durre06' on page 1 undefined on input line 401.


LaTeX Warning: Reference `fig:BasicTS' on page 1 undefined on input line 401.

[1{/usr/local/texlive/2014/texmf-var/fonts/map/pdftex/updmap/pdftex.map}]

LaTeX Warning: Citation `elliott91' on page 2 undefined on input line 403.


LaTeX Warning: Citation ` eskridge95' on page 2 undefined on input line 403.


LaTeX Warning: Citation `kalnay96' on page 2 undefined on input line 403.


LaTeX Warning: Citation ` kanamitsu02' on page 2 undefined on input line 403.


LaTeX Warning: Citation `eskridge95' on page 2 undefined on input line 405.


LaTeX Warning: Citation ` haimberger07' on page 2 undefined on input line 405.


LaTeX Warning: Citation ` lanzante96' on page 2 undefined on input line 405.


LaTeX Warning: Citation ` lanzante03' on page 2 undefined on input line 405.


LaTeX Warning: Citation ` venema12' on page 2 undefined on input line 405.


LaTeX Warning: Citation `venema12' on page 2 undefined on input line 405.


Overfull \hbox (15.59769pt too wide) in paragraph at lines 405--406
\OT1/cmr/m/n/10 most are not tested on sim-u-lated data with known con-tam-i-na
-tion er-rors [\OT1/cmr/bx/n/10 ?\OT1/cmr/m/n/10 ,\OT1/cmr/bx/n/10 ?\OT1/cmr/m/
n/10 ,\OT1/cmr/bx/n/10 ?\OT1/cmr/m/n/10 ,\OT1/cmr/bx/n/10 ?\OT1/cmr/m/n/10 ,\OT
1/cmr/bx/n/10 ?\OT1/cmr/m/n/10 ].
 []


LaTeX Warning: Citation `killick12' on page 2 undefined on input line 407.


LaTeX Warning: Citation ` li14' on page 2 undefined on input line 407.


LaTeX Warning: Citation ` lu10' on page 2 undefined on input line 407.


LaTeX Warning: Citation ` scott74' on page 2 undefined on input line 407.


LaTeX Warning: Citation `alexandersson86' on page 2 undefined on input line 407
.


LaTeX Warning: Citation `killick12' on page 2 undefined on input line 407.


LaTeX Warning: Citation `scott74' on page 2 undefined on input line 407.


LaTeX Warning: Citation `durre06' on page 2 undefined on input line 409.


LaTeX Warning: Citation `lanzante96' on page 2 undefined on input line 409.


LaTeX Warning: Citation `ignaccolo14' on page 2 undefined on input line 409.


LaTeX Warning: Citation `bell14' on page 2 undefined on input line 409.


Underfull \vbox (badness 4266) has occurred while \output is active []

 [2]

LaTeX Warning: Citation `hastie90' on page 3 undefined on input line 419.

./QC_paper_template.tex:423: Missing $ inserted.
<inserted text> 
                $
l.423 \ni
          where $t_i$ is the temperature at a given station and pressure lev...

? 
./QC_paper_template.tex:423: Missing $ inserted.
<inserted text> 
                $
l.423 \ni where $t_
                   i$ is the temperature at a given station and pressure lev...

? 

LaTeX Warning: Reference `eq:GAM' on page 3 undefined on input line 425.


LaTeX Warning: Citation `azzalini03' on page 3 undefined on input line 425.

[3]
./QC_paper_template.tex:431: Undefined control sequence.
<argument> \lvert 
                  \mathcal {P}_h\rvert 
l.431 ...}(h)=\frac{1}{\lvert \mathcal{P}_h\rvert}
                                                   \sum_{(\widehat{\epsilon_...

? 
./QC_paper_template.tex:431: Emergency stop.
<argument> \lvert 
                  \mathcal {P}_h\rvert 
l.431 ...}(h)=\frac{1}{\lvert \mathcal{P}_h\rvert}
                                                   \sum_{(\widehat{\epsilon_...
End of file on the terminal!

 
Here is how much of TeX's memory you used:
 2200 strings out of 493117
 33098 string characters out of 6135433
 90006 words of memory out of 5000000
 5662 multiletter control sequences out of 15000+600000
 9433 words of font info for 33 fonts, out of 8000000 for 9000
 1141 hyphenation exceptions out of 8191
 37i,8n,23p,1681b,196s stack positions out of 5000i,500n,10000p,200000b,80000s
./QC_paper_template.tex:431:  ==> Fatal error occurred, no output PDF file prod
uced!
