This is pdfTeX, Version 3.1415926-2.5-1.40.14 (MiKTeX 2.9 64-bit) (preloaded format=pdflatex 2014.4.21)  13 NOV 2014 16:03
entering extended mode
**Thesis.tex

("C:\Users\rockc_000\Documents\Professional Files\Mines\Research\Wind QC\Docume
nts\Paper\Thesis.tex"
LaTeX2e <2011/06/27>
Babel <v3.8m> and hyphenation patterns for english, afrikaans, ancientgreek, ar
abic, armenian, assamese, basque, bengali, bokmal, bulgarian, catalan, coptic, 
croatian, czech, danish, dutch, esperanto, estonian, farsi, finnish, french, ga
lician, german, german-x-2013-05-26, greek, gujarati, hindi, hungarian, iceland
ic, indonesian, interlingua, irish, italian, kannada, kurmanji, latin, latvian,
 lithuanian, malayalam, marathi, mongolian, mongolianlmc, monogreek, ngerman, n
german-x-2013-05-26, nynorsk, oriya, panjabi, pinyin, polish, portuguese, roman
ian, russian, sanskrit, serbian, slovak, slovenian, spanish, swedish, swissgerm
an, tamil, telugu, turkish, turkmen, ukenglish, ukrainian, uppersorbian, usengl
ishmax, welsh, loaded.
("C:\Program Files\MiKTeX 2.9\tex\latex\base\article.cls"
Document Class: article 2007/10/19 v1.4h Standard LaTeX document class
("C:\Program Files\MiKTeX 2.9\tex\latex\base\size12.clo"
File: size12.clo 2007/10/19 v1.4h Standard LaTeX file (size option)
)
\c@part=\count79
\c@section=\count80
\c@subsection=\count81
\c@subsubsection=\count82
\c@paragraph=\count83
\c@subparagraph=\count84
\c@figure=\count85
\c@table=\count86
\abovecaptionskip=\skip41
\belowcaptionskip=\skip42
\bibindent=\dimen102
)
("C:\Program Files\MiKTeX 2.9\tex\latex\graphics\epsfig.sty"
Package: epsfig 1999/02/16 v1.7a (e)psfig emulation (SPQR)

("C:\Program Files\MiKTeX 2.9\tex\latex\graphics\graphicx.sty"
Package: graphicx 1999/02/16 v1.0f Enhanced LaTeX Graphics (DPC,SPQR)

("C:\Program Files\MiKTeX 2.9\tex\latex\graphics\keyval.sty"
Package: keyval 1999/03/16 v1.13 key=value parser (DPC)
\KV@toks@=\toks14
)
("C:\Program Files\MiKTeX 2.9\tex\latex\graphics\graphics.sty"
Package: graphics 2009/02/05 v1.0o Standard LaTeX Graphics (DPC,SPQR)

("C:\Program Files\MiKTeX 2.9\tex\latex\graphics\trig.sty"
Package: trig 1999/03/16 v1.09 sin cos tan (DPC)
)
("C:\Program Files\MiKTeX 2.9\tex\latex\00miktex\graphics.cfg"
File: graphics.cfg 2007/01/18 v1.5 graphics configuration of teTeX/TeXLive
)
Package graphics Info: Driver file: pdftex.def on input line 91.

("C:\Program Files\MiKTeX 2.9\tex\latex\pdftex-def\pdftex.def"
File: pdftex.def 2011/05/27 v0.06d Graphics/color for pdfTeX

("C:\Program Files\MiKTeX 2.9\tex\generic\oberdiek\infwarerr.sty"
Package: infwarerr 2010/04/08 v1.3 Providing info/warning/error messages (HO)
)
("C:\Program Files\MiKTeX 2.9\tex\generic\oberdiek\ltxcmds.sty"
Package: ltxcmds 2011/11/09 v1.22 LaTeX kernel commands for general use (HO)
)
\Gread@gobject=\count87
))
\Gin@req@height=\dimen103
\Gin@req@width=\dimen104
)
\epsfxsize=\dimen105
\epsfysize=\dimen106
)
("C:\Program Files\MiKTeX 2.9\tex\latex\epsf\epsf.sty"
This is `epsf.tex' v2.7.4 <14 February 2011>
\epsffilein=\read1
\epsfframemargin=\dimen107
\epsfframethickness=\dimen108
\epsfrsize=\dimen109
\epsftmp=\dimen110
\epsftsize=\dimen111
\epsfxsize=\dimen112
\epsfysize=\dimen113
\pspoints=\dimen114
) ("C:\Program Files\MiKTeX 2.9\tex\latex\pstricks\pstricks.sty"
Package: pstricks 2013/12/12 v0.60 LaTeX wrapper for `PSTricks' (RN,HV)

("C:\Program Files\MiKTeX 2.9\tex\generic\oberdiek\ifpdf.sty"
Package: ifpdf 2011/01/30 v2.3 Provides the ifpdf switch (HO)
Package ifpdf Info: pdfTeX in PDF mode is detected.
)
("C:\Program Files\MiKTeX 2.9\tex\generic\pstricks\base\pstricks.tex"
("C:\Program Files\MiKTeX 2.9\tex\generic\xkeyval\pst-xkey.tex"
File: pst-xkey.tex 2005/11/25 v1.6 PSTricks specialization of xkeyval (HA)

("C:\Program Files\MiKTeX 2.9\tex\latex\xkeyval\xkeyval.sty"
Package: xkeyval 2012/10/14 v2.6b package option processing (HA)

("C:\Program Files\MiKTeX 2.9\tex\generic\xkeyval\xkeyval.tex"
\XKV@toks=\toks15
\XKV@tempa@toks=\toks16
\XKV@depth=\count88
File: xkeyval.tex 2012/10/14 v2.6b key=value parser (HA)
)))
("C:\Program Files\MiKTeX 2.9\tex\generic\pstricks\base\pst-fp.tex"
`pst-fp' v0.05, 2010/01/17 (hv)
\pstFP@xs=\count89
\pstFP@xia=\count90
\pstFP@xib=\count91
\pstFP@xfa=\count92
\pstFP@xfb=\count93
\pstFP@rega=\count94
\pstFP@regb=\count95
\pstFP@regs=\count96
\pstFP@times=\count97
)
("C:\Program Files\MiKTeX 2.9\tex\generic\pgf\utilities\pgfutil-common.tex"
\pgfutil@everybye=\toks17
\pgfutil@tempdima=\dimen115
\pgfutil@tempdimb=\dimen116

("C:\Program Files\MiKTeX 2.9\tex\generic\pgf\utilities\pgfutil-common-lists.te
x")) ("C:\Program Files\MiKTeX 2.9\tex\generic\pgf\utilities\pgfkeys.code.tex"
\pgfkeys@pathtoks=\toks18
\pgfkeys@temptoks=\toks19

("C:\Program Files\MiKTeX 2.9\tex\generic\pgf\utilities\pgfkeysfiltered.code.te
x"
\pgfkeys@tmptoks=\toks20
)) ("C:\Program Files\MiKTeX 2.9\tex\generic\pgf\utilities\pgffor.code.tex"
("C:\Program Files\MiKTeX 2.9\tex\generic\pgf\math\pgfmath.code.tex"
("C:\Program Files\MiKTeX 2.9\tex\generic\pgf\math\pgfmathcalc.code.tex"
("C:\Program Files\MiKTeX 2.9\tex\generic\pgf\math\pgfmathutil.code.tex"
\pgf@x=\dimen117
\pgf@xa=\dimen118
\pgf@xb=\dimen119
\pgf@xc=\dimen120
\pgf@y=\dimen121
\pgf@ya=\dimen122
\pgf@yb=\dimen123
\pgf@yc=\dimen124
\c@pgf@counta=\count98
\c@pgf@countb=\count99
\c@pgf@countc=\count100
\c@pgf@countd=\count101
\pgfutil@tempcnta=\count102
\pgfutil@tempcntb=\count103
)
("C:\Program Files\MiKTeX 2.9\tex\generic\pgf\math\pgfmathparser.code.tex"
\pgfmath@dimen=\dimen125
\pgfmath@count=\count104
\pgfmath@box=\box26
\pgfmath@toks=\toks21
\pgfmath@stack@operand=\toks22
\pgfmath@stack@operation=\toks23
)
("C:\Program Files\MiKTeX 2.9\tex\generic\pgf\math\pgfmathfunctions.code.tex"
("C:\Program Files\MiKTeX 2.9\tex\generic\pgf\math\pgfmathfunctions.basic.code.
tex")
("C:\Program Files\MiKTeX 2.9\tex\generic\pgf\math\pgfmathfunctions.trigonometr
ic.code.tex")
("C:\Program Files\MiKTeX 2.9\tex\generic\pgf\math\pgfmathfunctions.random.code
.tex")
("C:\Program Files\MiKTeX 2.9\tex\generic\pgf\math\pgfmathfunctions.comparison.
code.tex")
("C:\Program Files\MiKTeX 2.9\tex\generic\pgf\math\pgfmathfunctions.base.code.t
ex")
("C:\Program Files\MiKTeX 2.9\tex\generic\pgf\math\pgfmathfunctions.round.code.
tex")
("C:\Program Files\MiKTeX 2.9\tex\generic\pgf\math\pgfmathfunctions.misc.code.t
ex")
("C:\Program Files\MiKTeX 2.9\tex\generic\pgf\math\pgfmathfunctions.integerarit
hmetics.code.tex")))
("C:\Program Files\MiKTeX 2.9\tex\generic\pgf\math\pgfmathfloat.code.tex"
\c@pgfmathroundto@lastzeros=\count105
))
\pgffor@iter=\dimen126
\pgffor@skip=\dimen127
\pgffor@stack=\toks24
\pgffor@toks=\toks25
)
\psLoopIndex=\count106

`PSTricks' v2.49b  <2013/12/21> (tvz)
\pst@dima=\dimen128
\pst@dimb=\dimen129
\pst@dimc=\dimen130
\pst@dimd=\dimen131
\pst@dimg=\dimen132
\pst@dimh=\dimen133
\pst@dimm=\dimen134
\pst@dimn=\dimen135
\pst@dimo=\dimen136
\pst@dimp=\dimen137
\pst@hbox=\box27
\pst@ibox=\box28
\pst@boxg=\box29
\pst@cnta=\count107
\pst@cntb=\count108
\pst@cntc=\count109
\pst@cntd=\count110
\pst@cntg=\count111
\pst@cnth=\count112
\pst@cntm=\count113
\pst@cntn=\count114
\pst@cnto=\count115
\pst@cntp=\count116
\@zero=\count117
\pst@toks=\toks26
("C:\Program Files\MiKTeX 2.9\tex\generic\pstricks\base\pstricks.con")
\psunit=\dimen138
\psxunit=\dimen139
\psyunit=\dimen140
\pst@C@@rType=\count118
\pslinewidth=\dimen141
\psk@startLW=\dimen142
\psk@endLW=\dimen143
\pst@customdefs=\toks27
\pslinearc=\dimen144
\pst@symbolStep=\dimen145
\pst@symbolWidth=\dimen146
\pst@symbolLinewidth=\dimen147
\everypsbox=\toks28
\psframesep=\dimen148
\pslabelsep=\dimen149
\sh@wgridXunit=\dimen150
\sh@wgridYunit=\dimen151
\pst@shift=\dimen152
)
File: pstricks.tex 2013/12/21 v2.49b `PSTricks' (tvz,hv)

("C:\Program Files\MiKTeX 2.9\tex\generic\pstricks\base\pst-fp.tex")
File: pst-fp.tex 2013/12/21 v2.49b `PST-fp' (hv)

("C:\Program Files\MiKTeX 2.9\tex\latex\xcolor\xcolor.sty"
Package: xcolor 2007/01/21 v2.11 LaTeX color extensions (UK)

("C:\Program Files\MiKTeX 2.9\tex\latex\00miktex\color.cfg"
File: color.cfg 2007/01/18 v1.5 color configuration of teTeX/TeXLive
)
Package xcolor Info: Driver file: pdftex.def on input line 225.
Package xcolor Info: Model `cmy' substituted by `cmy0' on input line 1337.
Package xcolor Info: Model `hsb' substituted by `rgb' on input line 1341.
Package xcolor Info: Model `RGB' extended on input line 1353.
Package xcolor Info: Model `HTML' substituted by `rgb' on input line 1355.
Package xcolor Info: Model `Hsb' substituted by `hsb' on input line 1356.
Package xcolor Info: Model `tHsb' substituted by `hsb' on input line 1357.
Package xcolor Info: Model `HSB' substituted by `hsb' on input line 1358.
Package xcolor Info: Model `Gray' substituted by `gray' on input line 1359.
Package xcolor Info: Model `wave' substituted by `hsb' on input line 1360.
))
("C:\Program Files\MiKTeX 2.9\tex\latex\pst-node\pst-node.sty"
Package: pst-node 2012/09/18 v1.01 LaTeX wrapper for `pst-node' (HV)
Package: pst-node 2010/04/22 package wrapper for pst-node.tex

("C:\Program Files\MiKTeX 2.9\tex\generic\pst-node\pst-node.tex"
 v1.33, 2014/03/25
\psrow=\count119
\pscol=\count120
\psmatrixcnt=\count121
\psrowsep=\skip43
\pscolsep=\skip44
\pst@args=\count122
\num@pts=\count123
\pst@argcnt=\count124
)
File: pst-node.tex 2014/03/25 1.33 `pst-node' (tvz,hv)
) ("C:\Program Files\MiKTeX 2.9\tex\latex\psfrag\psfrag.sty"
Package: psfrag 1998/04/11 v3.04 PSfrag (MCG)
\pfg@pcount=\count125
\pfg@scount=\count126
\pfg@temp=\write3
) ("C:\Program Files\MiKTeX 2.9\tex\latex\amsfonts\amssymb.sty"
Package: amssymb 2013/01/14 v3.01 AMS font symbols

("C:\Program Files\MiKTeX 2.9\tex\latex\amsfonts\amsfonts.sty"
Package: amsfonts 2013/01/14 v3.01 Basic AMSFonts support
\@emptytoks=\toks29
\symAMSa=\mathgroup4
\symAMSb=\mathgroup5
LaTeX Font Info:    Overwriting math alphabet `\mathfrak' in version `bold'
(Font)                  U/euf/m/n --> U/euf/b/n on input line 106.
))
("C:\Program Files\MiKTeX 2.9\tex\latex\amsmath\amsmath.sty"
Package: amsmath 2013/01/14 v2.14 AMS math features
\@mathmargin=\skip45

For additional information on amsmath, use the `?' option.
("C:\Program Files\MiKTeX 2.9\tex\latex\amsmath\amstext.sty"
Package: amstext 2000/06/29 v2.01

("C:\Program Files\MiKTeX 2.9\tex\latex\amsmath\amsgen.sty"
File: amsgen.sty 1999/11/30 v2.0
\@emptytoks=\toks30
\ex@=\dimen153
))
("C:\Program Files\MiKTeX 2.9\tex\latex\amsmath\amsbsy.sty"
Package: amsbsy 1999/11/29 v1.2d
\pmbraise@=\dimen154
)
("C:\Program Files\MiKTeX 2.9\tex\latex\amsmath\amsopn.sty"
Package: amsopn 1999/12/14 v2.01 operator names
)
\inf@bad=\count127
LaTeX Info: Redefining \frac on input line 210.
\uproot@=\count128
\leftroot@=\count129
LaTeX Info: Redefining \overline on input line 306.
\classnum@=\count130
\DOTSCASE@=\count131
LaTeX Info: Redefining \ldots on input line 378.
LaTeX Info: Redefining \dots on input line 381.
LaTeX Info: Redefining \cdots on input line 466.
\Mathstrutbox@=\box30
\strutbox@=\box31
\big@size=\dimen155
LaTeX Font Info:    Redeclaring font encoding OML on input line 566.
LaTeX Font Info:    Redeclaring font encoding OMS on input line 567.
\macc@depth=\count132
\c@MaxMatrixCols=\count133
\dotsspace@=\muskip10
\c@parentequation=\count134
\dspbrk@lvl=\count135
\tag@help=\toks31
\row@=\count136
\column@=\count137
\maxfields@=\count138
\andhelp@=\toks32
\eqnshift@=\dimen156
\alignsep@=\dimen157
\tagshift@=\dimen158
\tagwidth@=\dimen159
\totwidth@=\dimen160
\lineht@=\dimen161
\@envbody=\toks33
\multlinegap=\skip46
\multlinetaggap=\skip47
\mathdisplay@stack=\toks34
LaTeX Info: Redefining \[ on input line 2665.
LaTeX Info: Redefining \] on input line 2666.
)
("C:\Program Files\MiKTeX 2.9\tex\latex\tools\verbatim.sty"
Package: verbatim 2003/08/22 v1.5q LaTeX2e package for verbatim enhancements
\every@verbatim=\toks35
\verbatim@line=\toks36
\verbatim@in@stream=\read2
)
("C:\Program Files\MiKTeX 2.9\tex\latex\tools\enumerate.sty"
Package: enumerate 1999/03/05 v3.00 enumerate extensions (DPC)
\@enLab=\toks37
)
("C:\Program Files\MiKTeX 2.9\tex\latex\rotating\rotating.sty"
Package: rotating 2009/03/28 v2.16a rotated objects in LaTeX

("C:\Program Files\MiKTeX 2.9\tex\latex\base\ifthen.sty"
Package: ifthen 2001/05/26 v1.1c Standard LaTeX ifthen package (DPC)
)
\c@r@tfl@t=\count139
\rotFPtop=\skip48
\rotFPbot=\skip49
\rot@float@box=\box32
\rot@mess@toks=\toks38
)
("C:\Program Files\MiKTeX 2.9\tex\latex\graphics\lscape.sty"
Package: lscape 2000/10/22 v3.01 Landscape Pages (DPC)
)
("C:\Program Files\MiKTeX 2.9\tex\latex\multirow\multirow.sty"
\bigstrutjot=\dimen162
)
("C:\Program Files\MiKTeX 2.9\tex\latex\setspace\setspace.sty"
Package: setspace 2011/12/19 v6.7a set line spacing
)
("C:\Users\rockc_000\Documents\Professional Files\Mines\Research\Wind QC\Docume
nts\Paper\csm-thesis.sty"
Package: csm-thesis 2011/11/12 v1.0 .dtx csm-thesis file

("C:\Users\rockc_000\Documents\Professional Files\Mines\Research\Wind QC\Docume
nts\Paper\csm-thesis-sanity.sty")
("C:\Users\rockc_000\Documents\Professional Files\Mines\Research\Wind QC\Docume
nts\Paper\csm-thesis-environments.sty"
\c@csm@abstract@words=\count140
\c@csm@longtable@pages=\count141
\c@csm@longtable@startpage=\count142
\c@csm@last@longtable@count=\count143
\temp@output@box=\box33
\csm@temp@header=\box34
\c@csm@sideways@depth=\count144
)
("C:\Users\rockc_000\Documents\Professional Files\Mines\Research\Wind QC\Docume
nts\Paper\csm-thesis-title.sty"
("C:\Program Files\MiKTeX 2.9\tex\latex\textcase\textcase.sty"
Package: textcase 2004/10/07 v0.07 Text only upper/lower case changing (DPC)
)
\temp@box=\box35
\temp@trapezoid@box=\box36
\best@trapezoid@box=\box37
\last@trapezoid@box=\box38
\c@trap@push@temp=\count145
\temp@trapezoid@text=\toks39
\@tempwidth=\dimen163
\trapezoid@width@value=\dimen164
\trapezoid@new@width=\dimen165
\temp@line@width=\dimen166
\temp@line@height=\dimen167
\test@line@width=\dimen168
\c@trap@push@lineone=\count146
\c@titlewidth@lines=\count147
\c@titlewidth@cnt=\count148
\@titlewidth@max=\skip50
\@titlewidth@diff=\skip51
\@titlewidth@flex=\skip52
\@titlewidth=\skip53
\temp@pdftitle@text=\toks40
)
("C:\Users\rockc_000\Documents\Professional Files\Mines\Research\Wind QC\Docume
nts\Paper\csm-thesis-lists.sty"
\c@csm@list@i=\count149
\c@csm@list@j=\count150
\c@csm@list@k=\count151
\c@csm@list@length=\count152
\c@csm@list@strlen=\count153
\c@csm@list@strlenA=\count154
\c@csm@list@strlenB=\count155
\c@csm@list@findchar=\count156
\c@csm@list@findchar@i=\count157
\c@csm@list@char@A=\count158
\c@csm@list@char@B=\count159
\c@csm@list@char@temp=\count160
\c@csm@list@tempA=\count161
\c@csm@list@tempB=\count162
\temp@stripspace@text=\toks41
\c@csm@tocentry@count=\count163
\c@csm@num@tables=\count164
\c@csm@num@figures=\count165
\csm@temp@list@boxA=\box39
\csm@temp@list@boxB=\box40
\l@chapter@indent=\skip54
\l@appendix@indent=\skip55
\csm@contentsline@findkeylength@boxA=\box41
\csm@contentsline@findkeylength@boxB=\box42
\csm@contentsline@findkeylength@length=\skip56
)
("C:\Users\rockc_000\Documents\Professional Files\Mines\Research\Wind QC\Docume
nts\Paper\csm-thesis-sections.sty"
\c@csmsectionline=\count166
\csm@temp@box=\box43
\c@appendix=\count167
\c@csm@redefined@appendix=\count168
\csm@redefined@appendix@saved=\count169
)
\c@csmpage=\count170
\c@truepage=\count171
\c@emptypage=\count172

("C:\Program Files\MiKTeX 2.9\tex\latex\geometry\geometry.sty"
Package: geometry 2010/09/12 v5.6 Page Geometry

("C:\Program Files\MiKTeX 2.9\tex\generic\oberdiek\ifvtex.sty"
Package: ifvtex 2010/03/01 v1.5 Detect VTeX and its facilities (HO)
Package ifvtex Info: VTeX not detected.
)
("C:\Program Files\MiKTeX 2.9\tex\generic\ifxetex\ifxetex.sty"
Package: ifxetex 2010/09/12 v0.6 Provides ifxetex conditional
)
\Gm@cnth=\count173
\Gm@cntv=\count174
\c@Gm@tempcnt=\count175
\Gm@bindingoffset=\dimen169
\Gm@wd@mp=\dimen170
\Gm@odd@mp=\dimen171
\Gm@even@mp=\dimen172
\Gm@layoutwidth=\dimen173
\Gm@layoutheight=\dimen174
\Gm@layouthoffset=\dimen175
\Gm@layoutvoffset=\dimen176
\Gm@dimlist=\toks42

("C:\Program Files\MiKTeX 2.9\tex\latex\geometry\geometry.cfg"))
\csm@titletext=\box44
\csm@saved@contents=\toks43
\c@csm@figure@heredefinitely=\count176

("C:\Program Files\MiKTeX 2.9\tex\latex\float\float.sty"
Package: float 2001/11/08 v1.3d Float enhancements (AL)
\c@float@type=\count177
\float@exts=\toks44
\float@box=\box45
\@float@everytoks=\toks45
\@floatcapt=\box46
)
\csm@table@indent=\skip57
\c@csm@label@j=\count178
\c@csm@label@k=\count179
\c@csm@label@count=\count180

("C:\Program Files\MiKTeX 2.9\tex\latex\footmisc\footmisc.sty"
Package: footmisc 2011/06/06 v5.5b a miscellany of footnote facilities
\FN@temptoken=\toks46
\footnotemargin=\dimen177
\c@pp@next@reset=\count181
Package footmisc Info: Declaring symbol style bringhurst on input line 855.
Package footmisc Info: Declaring symbol style chicago on input line 863.
Package footmisc Info: Declaring symbol style wiley on input line 872.
Package footmisc Info: Declaring symbol style lamport-robust on input line 883.

Package footmisc Info: Declaring symbol style lamport* on input line 903.
Package footmisc Info: Declaring symbol style lamport*-robust on input line 924
.
)
\c@csm@symbol@symbolnote=\count182
\c@csm@symbol@numberednote=\count183

("C:\Users\rockc_000\Documents\Professional Files\Mines\Research\Wind QC\Docume
nts\Paper\csm-thesis-compat.sty"
\c@csm@multibib@job=\count184
)
("C:\Program Files\MiKTeX 2.9\tex\latex\url\url.sty"
\Urlmuskip=\muskip11
Package: url 2013/09/16  ver 3.4  Verb mode for urls, etc.
)
("C:\Users\rockc_000\Documents\Professional Files\Mines\Research\Wind QC\Docume
nts\Paper\csm-thesis-encoding.sty"
\c@csm@encoding@count=\count185
))
("C:\Program Files\MiKTeX 2.9\tex\latex\hyperref\hyperref.sty"
Package: hyperref 2012/11/06 v6.83m Hypertext links for LaTeX

("C:\Program Files\MiKTeX 2.9\tex\generic\oberdiek\hobsub-hyperref.sty"
Package: hobsub-hyperref 2012/04/25 v1.12 Bundle oberdiek, subset hyperref (HO)


("C:\Program Files\MiKTeX 2.9\tex\generic\oberdiek\hobsub-generic.sty"
Package: hobsub-generic 2012/04/25 v1.12 Bundle oberdiek, subset generic (HO)
Package: hobsub 2012/04/25 v1.12 Construct package bundles (HO)
Package hobsub Info: Skipping package `infwarerr' (already loaded).
Package hobsub Info: Skipping package `ltxcmds' (already loaded).
Package: ifluatex 2010/03/01 v1.3 Provides the ifluatex switch (HO)
Package ifluatex Info: LuaTeX not detected.
Package hobsub Info: Skipping package `ifvtex' (already loaded).
Package: intcalc 2007/09/27 v1.1 Expandable calculations with integers (HO)
Package hobsub Info: Skipping package `ifpdf' (already loaded).
Package: etexcmds 2011/02/16 v1.5 Avoid name clashes with e-TeX commands (HO)
Package etexcmds Info: Could not find \expanded.
(etexcmds)             That can mean that you are not using pdfTeX 1.50 or
(etexcmds)             that some package has redefined \expanded.
(etexcmds)             In the latter case, load this package earlier.
Package: kvsetkeys 2012/04/25 v1.16 Key value parser (HO)
Package: kvdefinekeys 2011/04/07 v1.3 Define keys (HO)
Package: pdftexcmds 2011/11/29 v0.20 Utility functions of pdfTeX for LuaTeX (HO
)
Package pdftexcmds Info: LuaTeX not detected.
Package pdftexcmds Info: \pdf@primitive is available.
Package pdftexcmds Info: \pdf@ifprimitive is available.
Package pdftexcmds Info: \pdfdraftmode found.
Package: pdfescape 2011/11/25 v1.13 Implements pdfTeX's escape features (HO)
Package: bigintcalc 2012/04/08 v1.3 Expandable calculations on big integers (HO
)
Package: bitset 2011/01/30 v1.1 Handle bit-vector datatype (HO)
Package: uniquecounter 2011/01/30 v1.2 Provide unlimited unique counter (HO)
)
Package hobsub Info: Skipping package `hobsub' (already loaded).
Package: letltxmacro 2010/09/02 v1.4 Let assignment for LaTeX macros (HO)
Package: hopatch 2011/06/24 v1.1 Wrapper for package hooks (HO)
Package: xcolor-patch 2011/01/30 xcolor patch
Package: atveryend 2011/06/30 v1.8 Hooks at the very end of document (HO)
Package atveryend Info: \enddocument detected (standard20110627).
Package: atbegshi 2011/10/05 v1.16 At begin shipout hook (HO)
Package: refcount 2011/10/16 v3.4 Data extraction from label references (HO)
Package: hycolor 2011/01/30 v1.7 Color options for hyperref/bookmark (HO)
)
("C:\Program Files\MiKTeX 2.9\tex\latex\oberdiek\auxhook.sty"
Package: auxhook 2011/03/04 v1.3 Hooks for auxiliary files (HO)


Package auxhook Warning: Cannot patch \document,
(auxhook)                using \AtBeginDocument instead.

) ("C:\Program Files\MiKTeX 2.9\tex\latex\oberdiek\kvoptions.sty"
Package: kvoptions 2011/06/30 v3.11 Key value format for package options (HO)
)
\@linkdim=\dimen178
\Hy@linkcounter=\count186
\Hy@pagecounter=\count187

("C:\Program Files\MiKTeX 2.9\tex\latex\hyperref\pd1enc.def"
File: pd1enc.def 2012/11/06 v6.83m Hyperref: PDFDocEncoding definition (HO)
)
\Hy@SavedSpaceFactor=\count188

("C:\Program Files\MiKTeX 2.9\tex\latex\00miktex\hyperref.cfg"
File: hyperref.cfg 2002/06/06 v1.2 hyperref configuration of TeXLive
)
Package hyperref Info: Option `breaklinks' set `true' on input line 4319.
Package hyperref Info: Hyper figures OFF on input line 4443.
Package hyperref Info: Link nesting OFF on input line 4448.
Package hyperref Info: Hyper index ON on input line 4451.
Package hyperref Info: Plain pages OFF on input line 4458.
Package hyperref Info: Backreferencing OFF on input line 4463.
Package hyperref Info: Implicit mode ON; LaTeX internals redefined.
Package hyperref Info: Bookmarks ON on input line 4688.
\c@Hy@tempcnt=\count189
LaTeX Info: Redefining \url on input line 5041.
\XeTeXLinkMargin=\dimen179
\Fld@menulength=\count190
\Field@Width=\dimen180
\Fld@charsize=\dimen181
Package hyperref Info: Hyper figures OFF on input line 6295.
Package hyperref Info: Link nesting OFF on input line 6300.
Package hyperref Info: Hyper index ON on input line 6303.
Package hyperref Info: backreferencing OFF on input line 6310.
Package hyperref Info: Link coloring OFF on input line 6315.
Package hyperref Info: Link coloring with OCG OFF on input line 6320.
Package hyperref Info: PDF/A mode OFF on input line 6325.
LaTeX Info: Redefining \ref on input line 6365.
LaTeX Info: Redefining \pageref on input line 6369.
\Hy@abspage=\count191
\c@Item=\count192
\c@Hfootnote=\count193
)

Package hyperref Message: Driver (autodetected): hpdftex.

("C:\Program Files\MiKTeX 2.9\tex\latex\hyperref\hpdftex.def"
File: hpdftex.def 2012/11/06 v6.83m Hyperref driver for pdfTeX
\Fld@listcount=\count194
\c@bookmark@seq@number=\count195

("C:\Program Files\MiKTeX 2.9\tex\latex\oberdiek\rerunfilecheck.sty"
Package: rerunfilecheck 2011/04/15 v1.7 Rerun checks for auxiliary files (HO)
Package uniquecounter Info: New unique counter `rerunfilecheck' on input line 2
82.
)
\Hy@SectionHShift=\skip58
)
("C:\Program Files\MiKTeX 2.9\tex\latex\natbib\natbib.sty"
Package: natbib 2010/09/13 8.31b (PWD, AO)
\bibhang=\skip59
\bibsep=\skip60
LaTeX Info: Redefining \cite on input line 694.
\c@NAT@ctr=\count196
)
\c@Th=\count197
\c@Proof=\count198
\c@Mth=\count199
\c@Def=\count200
\c@Rem=\count201
\c@Qes=\count202
\c@proposition=\count203
\c@Lem=\count204
\c@Cor=\count205
\c@Exa=\count206
\c@Eq=\count207
\c@lemm=\count208
\c@thm=\count209
\c@cor=\count210
\c@defi=\count211
\c@prop=\count212
\c@example=\count213

("C:\Program Files\MiKTeX 2.9\tex\latex\oberdiek\pdflscape.sty"
Package: pdflscape 2008/08/11 v0.10 Display of landscape pages in PDF (HO)
Package pdflscape Info: Auto-detected driver: pdftex on input line 80.
)
("C:\Program Files\MiKTeX 2.9\tex\latex\subfig\subfig.sty"
Package: subfig 2005/06/28 ver: 1.3 subfig package

("C:\Program Files\MiKTeX 2.9\tex\latex\caption\caption.sty"
Package: caption 2013/05/02 v3.3-89 Customizing captions (AR)

("C:\Program Files\MiKTeX 2.9\tex\latex\caption\caption3.sty"
Package: caption3 2013/05/02 v1.6-88 caption3 kernel (AR)
Package caption3 Info: TeX engine: e-TeX on input line 57.
\captionmargin=\dimen182
\captionmargin@=\dimen183
\captionwidth=\dimen184
\caption@tempdima=\dimen185
\caption@indent=\dimen186
\caption@parindent=\dimen187
\caption@hangindent=\dimen188
)
\c@ContinuedFloat=\count214
Package caption Info: float package is loaded.
Package caption Info: hyperref package is loaded.
Package caption Info: rotating package is loaded.
)
\c@KVtest=\count215
\sf@farskip=\skip61
\sf@captopadj=\dimen189
\sf@capskip=\skip62
\sf@nearskip=\skip63
\c@subfigure=\count216
\c@subfigure@save=\count217
\c@lofdepth=\count218
\c@subtable=\count219
\c@subtable@save=\count220
\c@lotdepth=\count221
\sf@top=\skip64
\sf@bottom=\skip65
)
("C:\Users\rockc_000\Documents\Professional Files\Mines\Research\Wind QC\Docume
nts\Paper\Thesis.aux"
\csm@redefined@appendix@saved=\count222
\csm@appendicies=\count223
)
LaTeX Font Info:    Checking defaults for OML/cmm/m/it on input line 306.
LaTeX Font Info:    ... okay on input line 306.
LaTeX Font Info:    Checking defaults for T1/cmr/m/n on input line 306.
LaTeX Font Info:    ... okay on input line 306.
LaTeX Font Info:    Checking defaults for OT1/cmr/m/n on input line 306.
LaTeX Font Info:    ... okay on input line 306.
LaTeX Font Info:    Checking defaults for OMS/cmsy/m/n on input line 306.
LaTeX Font Info:    ... okay on input line 306.
LaTeX Font Info:    Checking defaults for OMX/cmex/m/n on input line 306.
LaTeX Font Info:    ... okay on input line 306.
LaTeX Font Info:    Checking defaults for U/cmr/m/n on input line 306.
LaTeX Font Info:    ... okay on input line 306.
LaTeX Font Info:    Checking defaults for PD1/pdf/m/n on input line 306.
LaTeX Font Info:    ... okay on input line 306.

("C:\Program Files\MiKTeX 2.9\tex\context\base\supp-pdf.mkii"
[Loading MPS to PDF converter (version 2006.09.02).]
\scratchcounter=\count224
\scratchdimen=\dimen190
\scratchbox=\box47
\nofMPsegments=\count225
\nofMParguments=\count226
\everyMPshowfont=\toks47
\MPscratchCnt=\count227
\MPscratchDim=\dimen191
\MPnumerator=\count228
\makeMPintoPDFobject=\count229
\everyMPtoPDFconversion=\toks48
)
("C:\Users\rockc_000\Documents\Professional Files\Mines\Research\Wind QC\Docume
nts\Paper\Thesis.lot")
("C:\Users\rockc_000\Documents\Professional Files\Mines\Research\Wind QC\Docume
nts\Paper\Thesis.lof")
*geometry* driver: auto-detecting
*geometry* detected driver: pdftex
*geometry* verbose mode - [ preamble ] result:
* driver: pdftex
* paper: letterpaper
* layout: <same size as paper>
* layoutoffset:(h,v)=(0.0pt,0.0pt)
* modes: 
* h-part:(L,W,R)=(72.26999pt, 469.75502pt, 72.26999pt)
* v-part:(T,H,B)=(72.26999pt, 650.43001pt, 72.26999pt)
* \paperwidth=614.295pt
* \paperheight=794.96999pt
* \textwidth=469.75502pt
* \textheight=650.43001pt
* \oddsidemargin=0.0pt
* \evensidemargin=0.0pt
* \topmargin=0.0pt
* \headheight=0.0pt
* \headsep=0.0pt
* \topskip=12.0pt
* \footskip=36.135pt
* \marginparwidth=44.0pt
* \marginparsep=10.0pt
* \columnsep=10.0pt
* \skip\footins=10.8pt plus 4.0pt minus 2.0pt
* \hoffset=0.0pt
* \voffset=0.0pt
* \mag=1000
* \@twocolumnfalse
* \@twosidefalse
* \@mparswitchfalse
* \@reversemarginfalse
* (1in=72.27pt=25.4mm, 1cm=28.453pt)

\AtBeginShipoutBox=\box48
Package hyperref Info: Link coloring OFF on input line 306.
("C:\Program Files\MiKTeX 2.9\tex\latex\hyperref\nameref.sty"
Package: nameref 2012/10/27 v2.43 Cross-referencing by name of section

("C:\Program Files\MiKTeX 2.9\tex\generic\oberdiek\gettitlestring.sty"
Package: gettitlestring 2010/12/03 v1.4 Cleanup title references (HO)
)
\c@section@level=\count230
)
LaTeX Info: Redefining \ref on input line 306.
LaTeX Info: Redefining \pageref on input line 306.
LaTeX Info: Redefining \nameref on input line 306.

("C:\Users\rockc_000\Documents\Professional Files\Mines\Research\Wind QC\Docume
nts\Paper\Thesis.out")
("C:\Users\rockc_000\Documents\Professional Files\Mines\Research\Wind QC\Docume
nts\Paper\Thesis.out")
\@outlinefile=\write4
Package caption Info: Begin \AtBeginDocument code.
Package caption Info: subfig package v1.3 is loaded.
Package caption Info: End \AtBeginDocument code.
 [1
Non-PDF special ignored!
Non-PDF special ignored!
Non-PDF special ignored!
Non-PDF special ignored!
Non-PDF special ignored!
Non-PDF special ignored!


Non-PDF special ignored!
Non-PDF special ignored!
Non-PDF special ignored!
Non-PDF special ignored!{C:/ProgramData/MiKTeX/2.9/pdftex/config/pdftex.map}]
[2] [3]
("C:\Users\rockc_000\Documents\Professional Files\Mines\Research\Wind QC\Docume
nts\Paper\Thesis.toc"
LaTeX Font Info:    Try loading font information for U+msa on input line 1.
 ("C:\Program Files\MiKTeX 2.9\tex\latex\amsfonts\umsa.fd"
File: umsa.fd 2013/01/14 v3.01 AMS symbols A
)
LaTeX Font Info:    Try loading font information for U+msb on input line 1.
 ("C:\Program Files\MiKTeX 2.9\tex\latex\amsfonts\umsb.fd"
File: umsb.fd 2013/01/14 v3.01 AMS symbols B
))
\tf@toc=\write5
 [4]
("C:\Users\rockc_000\Documents\Professional Files\Mines\Research\Wind QC\Docume
nts\Paper\Thesis.lof")
\tf@lof=\write6
 [5] [6]
("C:\Users\rockc_000\Documents\Professional Files\Mines\Research\Wind QC\Docume
nts\Paper\Thesis.lot")
\tf@lot=\write7
 [7] [1

] [2] [3] [4

] [5] [6] [7] [8

] [9] [10] [11]
LaTeX Font Info:    Try loading font information for OMS+cmr on input line 473.


("C:\Program Files\MiKTeX 2.9\tex\latex\base\omscmr.fd"
File: omscmr.fd 1999/05/25 v2.5h Standard LaTeX font definitions
)
LaTeX Font Info:    Font shape `OMS/cmr/m/n' in size <12> not available
(Font)              Font shape `OMS/cmsy/m/n' tried instead on input line 473.
 [12] [13] [14]
[15

] [16] [17] [18

]

LaTeX Warning: The bibliography style is already defined by the template on inp
ut line 572.

[19

]
("C:\Users\rockc_000\Documents\Professional Files\Mines\Research\Wind QC\Docume
nts\Paper\Thesis.bbl" [20

]) [21] [22

] [23

]
Overfull \hbox (49.36136pt too wide) in paragraph at lines 633--647
 [][] 
 []

[24

] [25

] [26


] [27


]
<70219_Data_Unhomogenized_no_vlines.png, id=449, 578.16pt x 252.945pt>
File: 70219_Data_Unhomogenized_no_vlines.png Graphic file (type png)

<use 70219_Data_Unhomogenized_no_vlines.png>
Package pdftex.def Info: 70219_Data_Unhomogenized_no_vlines.png used on input l
ine 754.
(pdftex.def)             Requested size: 234.8775pt x 102.75865pt.

<70219_Data_Unhomogenized_zoomed_no_vlines.png, id=450, 578.16pt x 252.945pt>
File: 70219_Data_Unhomogenized_zoomed_no_vlines.png Graphic file (type png)

<use 70219_Data_Unhomogenized_zoomed_no_vlines.png>
Package pdftex.def Info: 70219_Data_Unhomogenized_zoomed_no_vlines.png used on 
input line 755.
(pdftex.def)             Requested size: 234.8775pt x 102.75865pt.

<35121_time_series.png, id=451, 505.89pt x 216.81pt>
File: 35121_time_series.png Graphic file (type png)

<use 35121_time_series.png>
Package pdftex.def Info: 35121_time_series.png used on input line 764.
(pdftex.def)             Requested size: 422.77664pt x 181.19284pt.

<35121_simulated_1.png, id=452, 505.89pt x 216.81pt>
File: 35121_simulated_1.png Graphic file (type png)

<use 35121_simulated_1.png>
Package pdftex.def Info: 35121_simulated_1.png used on input line 765.
(pdftex.def)             Requested size: 211.38832pt x 90.59642pt.

<35121_contaminated_1.png, id=453, 505.89pt x 216.81pt>
File: 35121_contaminated_1.png Graphic file (type png)

<use 35121_contaminated_1.png>
Package pdftex.def Info: 35121_contaminated_1.png used on input line 766.
(pdftex.def)             Requested size: 211.38832pt x 90.59642pt.

<35121_simulated_2.png, id=454, 505.89pt x 216.81pt>
File: 35121_simulated_2.png Graphic file (type png)

<use 35121_simulated_2.png>
Package pdftex.def Info: 35121_simulated_2.png used on input line 767.
(pdftex.def)             Requested size: 211.38832pt x 90.59642pt.

<35121_contaminated_2.png, id=455, 505.89pt x 216.81pt>
File: 35121_contaminated_2.png Graphic file (type png)

<use 35121_contaminated_2.png>
Package pdftex.def Info: 35121_contaminated_2.png used on input line 768.
(pdftex.def)             Requested size: 211.38832pt x 90.59642pt.

<35121_simulated_3.png, id=456, 505.89pt x 216.81pt>
File: 35121_simulated_3.png Graphic file (type png)

<use 35121_simulated_3.png>
Package pdftex.def Info: 35121_simulated_3.png used on input line 769.
(pdftex.def)             Requested size: 211.38832pt x 90.59642pt.

<35121_contaminated_3.png, id=457, 505.89pt x 216.81pt>
File: 35121_contaminated_3.png Graphic file (type png)

<use 35121_contaminated_3.png>
Package pdftex.def Info: 35121_contaminated_3.png used on input line 770.
(pdftex.def)             Requested size: 211.38832pt x 90.59642pt.

<homogenization_efficiency_boxplots.png, id=458, 722.7pt x 578.16pt>
File: homogenization_efficiency_boxplots.png Graphic file (type png)

<use homogenization_efficiency_boxplots.png>
Package pdftex.def Info: homogenization_efficiency_boxplots.png used on input l
ine 777.
(pdftex.def)             Requested size: 469.75502pt x 375.80836pt.


LaTeX Warning: `!h' float specifier changed to `!ht'.

<efficiency_by_station_robust_365.png, id=459, 527.8119pt x 353.1594pt>
File: efficiency_by_station_robust_365.png Graphic file (type png)

<use efficiency_by_station_robust_365.png>
Package pdftex.def Info: efficiency_by_station_robust_365.png used on input lin
e 784.
(pdftex.def)             Requested size: 469.75502pt x 314.32701pt.

<Efficiency_Model_Plot_BW.png, id=460, 867.24pt x 433.62pt>
File: Efficiency_Model_Plot_BW.png Graphic file (type png)

<use Efficiency_Model_Plot_BW.png>
Package pdftex.def Info: Efficiency_Model_Plot_BW.png used on input line 791.
(pdftex.def)             Requested size: 469.75502pt x 234.87912pt.


LaTeX Warning: `!h' float specifier changed to `!ht'.

<TPR_Order_Plot_BW.png, id=461, 867.24pt x 216.81pt>
File: TPR_Order_Plot_BW.png Graphic file (type png)

<use TPR_Order_Plot_BW.png>
Package pdftex.def Info: TPR_Order_Plot_BW.png used on input line 798.
(pdftex.def)             Requested size: 469.75502pt x 117.43956pt.


LaTeX Warning: `!h' float specifier changed to `!ht'.

<FPR_Order_Plot_BW.png, id=462, 867.24pt x 216.81pt>
File: FPR_Order_Plot_BW.png Graphic file (type png)

<use FPR_Order_Plot_BW.png>
Package pdftex.def Info: FPR_Order_Plot_BW.png used on input line 805.
(pdftex.def)             Requested size: 469.75502pt x 117.43956pt.


LaTeX Warning: `!h' float specifier changed to `!ht'.

<Efficiency_Order_Plot_BW.png, id=463, 867.24pt x 216.81pt>
File: Efficiency_Order_Plot_BW.png Graphic file (type png)

<use Efficiency_Order_Plot_BW.png>
Package pdftex.def Info: Efficiency_Order_Plot_BW.png used on input line 813.
(pdftex.def)             Requested size: 469.75502pt x 117.43956pt.


LaTeX Warning: `!h' float specifier changed to `!ht'.

<"70219_Data_Unhomogenized_zoomed".png, id=464, 578.16pt x 252.945pt>
File: "70219_Data_Unhomogenized_zoomed".png Graphic file (type png)

<use "70219_Data_Unhomogenized_zoomed".png>
Package pdftex.def Info: "70219_Data_Unhomogenized_zoomed".png used on input li
ne 821.
(pdftex.def)             Requested size: 422.77664pt x 184.9648pt.

<"70219_Data_Homogenized_zoomed".png, id=465, 578.16pt x 252.945pt>
File: "70219_Data_Homogenized_zoomed".png Graphic file (type png)

<use "70219_Data_Homogenized_zoomed".png>
Package pdftex.def Info: "70219_Data_Homogenized_zoomed".png used on input line
 822.
(pdftex.def)             Requested size: 422.77664pt x 184.9648pt.

<"70219_Data_Homogenized".png, id=466, 578.16pt x 252.945pt>
File: "70219_Data_Homogenized".png Graphic file (type png)

<use "70219_Data_Homogenized".png>
Package pdftex.def Info: "70219_Data_Homogenized".png used on input line 823.
(pdftex.def)             Requested size: 422.77664pt x 184.9648pt.


LaTeX Warning: Float too large for page by 3.46437pt on input line 826.


LaTeX Warning: It is recommended that you include the 'acknowledgments' section
 (environment).

[28


 <C:/Users/rockc_000/Documents/Professional Files/Mines/Research/Wind QC/Docume
nts/Paper/70219_Data_Unhomogenized_no_vlines.png> <C:/Users/rockc_000/Documents
/Professional Files/Mines/Research/Wind QC/Documents/Paper/70219_Data_Unhomogen
ized_zoomed_no_vlines.png>] [29 <C:/Users/rockc_000/Documents/Professional File
s/Mines/Research/Wind QC/Documents/Paper/35121_time_series.png> <C:/Users/rockc
_000/Documents/Professional Files/Mines/Research/Wind QC/Documents/Paper/35121_
simulated_1.png> <C:/Users/rockc_000/Documents/Professional Files/Mines/Researc
h/Wind QC/Documents/Paper/35121_contaminated_1.png> <C:/Users/rockc_000/Documen
ts/Professional Files/Mines/Research/Wind QC/Documents/Paper/35121_simulated_2.
png> <C:/Users/rockc_000/Documents/Professional Files/Mines/Research/Wind QC/Do
cuments/Paper/35121_contaminated_2.png> <C:/Users/rockc_000/Documents/Professio
nal Files/Mines/Research/Wind QC/Documents/Paper/35121_simulated_3.png> <C:/Use
rs/rockc_000/Documents/Professional Files/Mines/Research/Wind QC/Documents/Pape
r/35121_contaminated_3.png>] [30 <C:/Users/rockc_000/Documents/Professional Fil
es/Mines/Research/Wind QC/Documents/Paper/homogenization_efficiency_boxplots.pn
g>] [31 <C:/Users/rockc_000/Documents/Professional Files/Mines/Research/Wind QC
/Documents/Paper/efficiency_by_station_robust_365.png>] [32 <C:/Users/rockc_000
/Documents/Professional Files/Mines/Research/Wind QC/Documents/Paper/Efficiency
_Model_Plot_BW.png> <C:/Users/rockc_000/Documents/Professional Files/Mines/Rese
arch/Wind QC/Documents/Paper/TPR_Order_Plot_BW.png>] [33 <C:/Users/rockc_000/Do
cuments/Professional Files/Mines/Research/Wind QC/Documents/Paper/FPR_Order_Plo
t_BW.png> <C:/Users/rockc_000/Documents/Professional Files/Mines/Research/Wind 
QC/Documents/Paper/Efficiency_Order_Plot_BW.png>] [34 <C:/Users/rockc_000/Docum
ents/Professional Files/Mines/Research/Wind QC/Documents/Paper/70219_Data_Unhom
ogenized_zoomed.png> <C:/Users/rockc_000/Documents/Professional Files/Mines/Res
earch/Wind QC/Documents/Paper/70219_Data_Homogenized_zoomed.png> <C:/Users/rock
c_000/Documents/Professional Files/Mines/Research/Wind QC/Documents/Paper/70219
_Data_Homogenized.png>]
Package atveryend Info: Empty hook `BeforeClearDocument' on input line 829.
Package atveryend Info: Empty hook `AfterLastShipout' on input line 829.

("C:\Users\rockc_000\Documents\Professional Files\Mines\Research\Wind QC\Docume
nts\Paper\Thesis.aux"
\csm@redefined@appendix@saved=\count231
\csm@appendicies=\count232
)
Package atveryend Info: Executing hook `AtVeryEndDocument' on input line 829.
Package atveryend Info: Executing hook `AtEndAfterFileList' on input line 829.
Package rerunfilecheck Info: File `Thesis.out' has not changed.
(rerunfilecheck)             Checksum: D851962499CD0D02FB3F4A295B275FA2;1047.
Package atveryend Info: Empty hook `AtVeryVeryEnd' on input line 829.
 ) 
Here is how much of TeX's memory you used:
 17330 strings out of 493921
 285146 string characters out of 3147270
 394962 words of memory out of 3000000
 20223 multiletter control sequences out of 15000+200000
 9729 words of font info for 37 fonts, out of 3000000 for 9000
 841 hyphenation exceptions out of 8191
 65i,9n,122p,1666b,516s stack positions out of 5000i,500n,10000p,200000b,50000s
<C:/Program Files/MiKTeX 2.9/fonts/type1/public/amsfonts/cm/cmbx12.pfb><C:/Pr
ogram Files/MiKTeX 2.9/fonts/type1/public/amsfonts/cm/cmex10.pfb><C:/Program Fi
les/MiKTeX 2.9/fonts/type1/public/amsfonts/cmextra/cmex8.pfb><C:/Program Files/
MiKTeX 2.9/fonts/type1/public/amsfonts/cm/cmmi12.pfb><C:/Program Files/MiKTeX 2
.9/fonts/type1/public/amsfonts/cm/cmmi6.pfb><C:/Program Files/MiKTeX 2.9/fonts/
type1/public/amsfonts/cm/cmmi8.pfb><C:/Program Files/MiKTeX 2.9/fonts/type1/pub
lic/amsfonts/cm/cmr12.pfb><C:/Program Files/MiKTeX 2.9/fonts/type1/public/amsfo
nts/cm/cmr6.pfb><C:/Program Files/MiKTeX 2.9/fonts/type1/public/amsfonts/cm/cmr
8.pfb><C:/Program Files/MiKTeX 2.9/fonts/type1/public/amsfonts/cm/cmsy10.pfb><C
:/Program Files/MiKTeX 2.9/fonts/type1/public/amsfonts/cm/cmsy6.pfb><C:/Program
 Files/MiKTeX 2.9/fonts/type1/public/amsfonts/cm/cmsy8.pfb><C:/Program Files/Mi
KTeX 2.9/fonts/type1/public/amsfonts/cm/cmti12.pfb><C:/Program Files/MiKTeX 2.9
/fonts/type1/public/amsfonts/cm/cmtt12.pfb>
Output written on Thesis.pdf (41 pages, 866108 bytes).
PDF statistics:
 588 PDF objects out of 1000 (max. 8388607)
 121 named destinations out of 1000 (max. 500000)
 235 words of extra memory for PDF output out of 10000 (max. 10000000)

